b
baalita
baba
babada
babadero
babador
babahoyense
babanca
babanco
babatel
babaza
babazorro
babear
babel
babeo
babequía
babera
babero
baberol
babi
babiano
babieca
babilar
babilla
babilonia
babilonio
babilón
babilónico
babirusa
babismo
bable
babonuco
baboquía
babor
babosa
babosada
babosear
baboseo
babosilla
baboso
babucha
babuchero
babuino
babélico
baca
bacada
bacalada
bacaladero
bacaladilla
bacalao
bacallao
bacallar
bacanal
bacanora
bacante
bacaray
bacarrá
bacará
bacelar
bacera
baceta
bachaco
bachata
bachatear
bachatero
bache
bachear
bacheo
bachicha
bachiche
bachiller
bachilleramiento
bachillerar
bachillerato
bachillerear
bachillería
bacilar
bacillar
bacillo
bacilo
bacina
bacinada
bacinador
bacinero
bacineta
bacinete
bacinica
bacinilla
bacisco
bacon
baconiano
bacoreta
bacteria
bacteriano
bactericida
bacteriemia
bacteriología
bacteriológico
bacteriostático
bacteriófago
bacteriólogo
bactriano
bacán
bacía
bacín
bada
badajada
badajazo
badajear
badajo
badajocense
badajoceño
badal
badallar
badalonés
badana
badanado
badaza
badea
badelico
baderna
badiana
badil
badila
badilazo
badilejo
badina
badián
badminton
badomía
badulacada
badulaque
badulaquear
badulaquería
badán
badén
baenero
baezano
bafle
baga
bagacera
bagaje
bagajero
bagar
bagarino
bagasa
bagatela
bagazal
bagazo
bago
bagre
bagrero
bagual
bagualada
baguio
bagá
bah
bahague
bahareque
baharí
bahaí
bahaísmo
bahorrina
bahía
bahúno
baifa
baifo
baila
bailable
bailadero
bailado
bailador
bailanta
bailante
bailaor
bailar
bailarín
baile
bailete
bailiaje
bailiazgo
bailinista
bailista
bailongo
bailotear
bailoteo
bailía
bailío
bailón
baivel
baja
bajacaliforniano
bajada
bajalato
bajamanero
bajamano
bajamar
bajamente
bajamiento
bajante
bajar
bajareque
bajativo
bajear
bajedad
bajel
bajelero
bajero
bajete
bajez
bajeza
bajial
bajillo
bajines
bajini
bajinis
bajista
bajo
bajoca
bajonado
bajonazo
bajoncillo
bajonista
bajorrelieve
bajotraer
bajuno
bajura
bajá
bajío
bajón
bala
balaca
balacada
balacear
balacera
balada
baladista
balador
baladrar
baladre
baladrear
baladrero
baladro
baladronada
baladronear
baladrón
baladí
balagar
balagariense
balagre
balaguero
balaj
balaje
balalaica
balamido
balance
balanceador
balancear
balanceo
balancero
balancín
balandra
balandrista
balandro
balandrán
balanitis
balano
balante
balanza
balanzario
balanzón
balar
balarrasa
balastar
balasto
balastro
balata
balate
balausta
balaustra
balaustrado
balaustral
balaustre
balay
balayo
balazo
balaústre
balboa
balbucear
balbucencia
balbuceo
balbuciente
balbucir
balbusardo
balcanización
balcanizar
balcarrotas
balché
balconada
balconaje
balconcillo
balconear
balconería
balcánico
balcón
balda
baldado
baldadura
baldamiento
baldaquino
baldaquín
baldar
baldazo
balde
baldear
baldeo
baldo
baldonada
baldonador
baldonamiento
baldonar
baldonear
baldono
baldosa
baldosador
baldosar
baldosín
baldosón
baldragas
baldrufa
baldrés
balduque
baldés
baldíamente
baldío
baldón
balea
baleador
balear
baleario
balele
baleo
balero
balería
balerío
baleárico
balhurria
balicero
balido
balimbín
balista
balita
balitadera
balitar
balitear
baliza
balizamiento
balizar
ballar
ballarte
ballena
ballenato
ballener
ballenero
ballesta
ballestada
ballestazo
ballestear
ballestera
ballestero
ballestería
ballestilla
ballestrinque
ballet
ballico
ballueca
balneario
balneoterapia
balo
balompié
balompédico
balonazo
baloncestista
baloncesto
baloncestístico
balonmanista
balonmano
balonvolea
balota
balotada
balotaje
balotar
balsa
balsadera
balsadero
balsamera
balsamerita
balsamina
balsamináceo
balsamita
balsamía
balsar
balsear
balsero
balsería
balsete
balso
balsopeto
balsámico
balsón
balto
baltra
baluarte
baluma
balumba
balumbo
balume
balénido
balín
balística
balístico
balón
bamba
bambador
bambalear
bambalina
bambalinón
bambanear
bambarria
bambochada
bamboche
bambolear
bamboleo
bambolla
bambollero
bambonear
bamboneo
bambuc
bambuco
bambudal
bambú
banaba
banal
banalidad
banana
bananal
bananar
bananero
banano
banas
banasta
banastero
banasto
banca
bancada
bancal
bancalero
bancario
bancarrota
bance
banco
bancocracia
banda
bandada
bandarria
bandazo
bandeado
bandear
bandeja
bandejar
bandeo
bandera
banderazo
banderilla
banderillazo
banderillear
banderillero
banderizamente
banderizar
banderizo
bandero
banderola
bandería
banderín
bandidaje
bandido
bandir
bando
bandola
bandolera
bandolerismo
bandolero
bandolina
bandolinista
bandolonista
bandolín
bandolón
bandoneón
bandrullo
bandujo
bandullo
bandurria
bandurrista
bandín
bangaña
bangaño
baniano
banir
banjo
banqueo
banquero
banqueta
banquete
banquetear
banquillo
banquina
banquisa
bantú
banyo
banzo
banzón
bao
baobab
baptismal
baptismo
baptista
baptisterio
baptizador
baptizar
baque
baqueano
baquear
baquelita
baquero
baqueta
baquetazo
baqueteado
baquetear
baqueteo
baquetón
baquiano
baquio
baquía
bar
baraca
baracaldés
barahustar
barahá
barahúnda
baraja
barajada
barajador
barajadura
barajar
baraje
barajo
barajustar
barajuste
barajón
baranda
barandado
barandaje
barandal
barandilla
barangay
barangayán
barata
baratador
baratamente
baratar
baratear
baratero
baratería
baratija
baratillero
baratillo
baratista
barato
baratura
baratía
baratón
baraustar
barauste
baraña
baraño
baraúnda
barba
barbacana
barbacoa
barbacuá
barbada
barbadamente
barbado
barbaja
barbajuelas
barbaján
barbar
barbarería
barbaresco
barbaria
barbaridad
barbarie
barbarismo
barbarizar
barbarote
barbastrense
barbastrino
barbato
barbear
barbechada
barbechar
barbechera
barbecho
barbera
barberil
barbero
barberol
barbería
barbeta
barbiblanco
barbicacho
barbicano
barbicastaño
barbiespeso
barbihecho
barbijo
barbilampiño
barbilindo
barbilla
barbillera
barbillón
barbilucio
barbiluengo
barbimoreno
barbinegro
barbiponiente
barbipungente
barbipuniente
barbiquejo
barbirralo
barbirrapado
barbirrojo
barbirrubio
barbirrucio
barbitaheño
barbiteñido
barbitonto
barbitúrico
barbián
barbo
barboquejo
barbotar
barbote
barboteadura
barbotear
barboteo
barbotina
barbudo
barbulla
barbullar
barbullido
barbullón
barbuquejo
barbusano
barbáricamente
barbárico
barbón
barca
barcada
barcaje
barcal
barcarola
barcaza
barcelonés
barcena
barceno
barceo
barchilla
barchilón
barcia
barcina
barcinador
barcinar
barcino
barcinonense
barco
barcolongo
barcoluengo
barcón
barda
bardado
bardaguera
bardaja
bardaje
bardal
bardana
bardanza
bardar
bardero
bardiota
bardiza
bardo
bardoma
bardomera
baremación
baremar
baremo
bareque
bargueño
baria
baricentro
baril
barinés
bario
barisfera
barita
baritel
baritina
barjuleta
barloa
barloar
barloventear
barloventeo
barlovento
barman
barnabita
barnacla
barniz
barnizado
barnizador
barnizadura
barnizar
baro
barojiano
barométrico
baronesa
baronía
baroto
barquear
barqueo
barquero
barquilla
barquillero
barquillo
barquinazo
barquinera
barquino
barquisimetano
barquía
barquín
barra
barrabasada
barrabás
barraca
barrachel
barracuda
barracón
barrado
barragana
barraganada
barraganería
barraganete
barraganía
barragán
barral
barranca
barrancal
barranco
barrancoso
barranquera
barranquillero
barraquera
barraquero
barraquillo
barrar
barrasco
barreal
barrear
barrearse
barreda
barredero
barredor
barreduela
barredura
barrena
barrenado
barrenador
barrenar
barrendero
barrenero
barrenillo
barreno
barrer
barrera
barrero
barreta
barrete
barretear
barretero
barretina
barretón
barreño
barriada
barrial
barrica
barricada
barrida
barrido
barriga
barrigudo
barriguera
barrigón
barril
barrila
barrilaje
barrilamen
barrilero
barrilería
barrilete
barrilla
barrillar
barrillero
barrillo
barrio
barriobajero
barrioso
barriotero
barriquería
barrisco
barrista
barritar
barrito
barrizal
barro
barrocho
barroco
barroquismo
barroso
barrote
barrueco
barrujo
barrumbada
barrunta
barruntador
barruntamiento
barruntar
barrunte
barrunto
barrón
bartola
bartolear
bartolillo
bartolina
baruca
barullero
barullo
barza
barzal
barzonear
barzón
barí
baría
barítono
barógrafo
barómetro
barón
basa
basada
basal
basalto
basamento
basanita
basar
basca
bascar
bascosidad
bascoso
basculación
basculador
bascular
basculero
bascuñana
base
baseláceo
basilar
basilense
basilical
basilicón
basiliense
basilio
basilisco
basis
basna
basquear
basquet
basquetbol
basquilla
basquiña
basta
bastaje
bastante
bastantear
bastantemente
bastanteo
bastar
bastarda
bastardar
bastardear
bastardelo
bastardilla
bastardo
bastardía
baste
bastear
bastecedor
bastecer
bastecimiento
bastedad
basterna
bastero
bastetano
basteza
bastida
bastidor
bastilla
bastimentar
bastimentero
bastimento
bastionar
bastir
bastitano
bastión
basto
bastonada
bastonazo
bastoncillo
bastonear
bastonero
bastón
basura
basural
basurear
basurero
basáltico
basáride
basílica
basílicas
bata
batacazo
batahola
batalla
batallador
batallar
batallaroso
batallola
batallona
batalloso
batallón
batalán
batanar
batanear
batanero
batanga
bataola
batata
batatazo
batato
batayola
batazo
bate
batea
bateador
bateaguas
batear
batel
batelero
bateo
baterista
batero
batería
batey
batial
batiboleo
batiborrillo
batiburrillo
baticabeza
baticola
baticor
baticulo
batida
batidera
batidero
batido
batidor
batiente
batifondo
batihoja
batik
batimento
batimetría
batimiento
batimán
batimétrico
batintín
batipelágico
batiportar
batiporte
batir
batiscafo
batista
bato
batojar
batolito
batología
batracio
batucar
batuda
batueco
batuquear
baturrada
baturrillo
baturro
batuta
batán
batículo
batímetro
batín
bató
baudio
baulero
bauprés
baurac
bausa
bausero
bausán
bautismal
bautismo
bautista
bautisterio
bautizar
bautizo
bauxita
bauyúa
bauza
bauzador
baya
bayadera
bayal
bayamés
bayanismo
bayano
bayarte
bayeta
bayetilla
bayetón
bayo
bayoco
bayonense
bayoneta
bayonetazo
bayonés
bayoque
bayosa
bayuca
bayunco
bayá
bayón
bayú
bayúa
baza
bazar
bazo
bazofia
bazuca
bazucar
bazuquear
bazuqueo
baída
baña
bañadera
bañadero
bañado
bañador
bañar
bañero
bañezano
bañil
bañista
baño
baúl
be
beaciense
beamontés
bearnés
beata
beaterio
beatería
beaterío
beatificación
beatificar
beatilla
beatitud
beato
beatíficamente
beatífico
beatísimo
bebe
bebedero
bebedizo
bebedor
bebendurria
bebentina
beber
bebercio
beberrón
bebería
bebestible
bebible
bebido
bebienda
bebistrajo
beborrotear
bebé
beca
becacina
becada
becado
becafigo
becante
becar
becardón
becario
becerra
becerrada
becerrero
becerril
becerrillo
becerrista
becerro
bechamel
becoquino
becoquín
becqueriano
becuadrado
becuadro
bedano
bedel
bedelio
bedelía
bederre
beduino
beduro
beethoveniano
befa
befabemí
befar
befedad
befo
befre
begardo
begastrense
begonia
begoniáceo
beguina
beguino
begum
behaviorismo
behaísmo
behetría
behíque
beicon
beige
beis
beisbolista
bejarano
bejerano
bejucal
bejuco
bejuquear
bejuqueda
bejuquillo
bejín
bel
belcho
beldad
beldar
belduque
belemnita
belemnites
belenista
belesa
belez
belezo
beleño
belfo
belga
beliceño
belicismo
belicista
belicosidad
belicoso
belida
beligerancia
beligerante
belio
belitre
bellacada
bellaco
belladona
bellamente
bellaquear
bellaquería
bellasombra
belleguín
belleza
bellido
bellista
bello
bellota
bellote
bellotear
bellotero
bellotillo
belloto
bellísima
belorta
belua
belén
belérico
belígero
belísono
bemba
bembetear
bembeteo
bembo
bembudo
bembón
bemol
bemolado
ben
benceno
bencina
bencénico
bendecidor
bendecir
bendicera
bendición
benditera
bendito
benedicta
benedictino
benedícite
benefactor
benefactría
beneficencia
beneficiación
beneficiado
beneficiador
beneficial
beneficiar
beneficiario
beneficio
beneficioso
benemerencia
benemérito
beneplácito
benevolencia
benevolente
bengala
bengalí
beniano
benignamente
benignidad
benigno
benimerín
benino
benito
benjamita
benjamín
benjuí
benteveo
bentonita
bentos
bentónico
benzina
benzoato
benzoe
benzoico
benzol
benzolismo
benéfico
benévolamente
benévolo
beocio
beodera
beodez
beodo
beorí
beque
berbajo
berberecho
berberidáceo
berberisco
berberí
berberídeo
berberís
berbiquí
berbí
berceo
bercero
bercería
bercial
berciano
bereber
berebere
berengario
berengo
berenguela
berenjena
berenjenado
berenjenal
berenjenín
bergadano
bergadán
bergamasco
bergamota
bergamote
bergamoto
bergante
bergantín
beriberi
berilio
berilo
beritense
berkelio
berlandina
berlanga
berlina
berlinga
berlingar
berlinés
berma
bermejal
bermejear
bermejecer
bermejez
bermejizo
bermejo
bermejor
bermejuela
bermejura
bermejía
bermejón
bermellón
bermudas
bermudina
bernardina
bernardo
bernegal
bernia
bernés
berozo
berra
berrar
berraza
berraña
berrea
berrear
berrenchín
berrendearse
berrendo
berreo
berrera
berreón
berrido
berrinche
berrinchudo
berro
berrocal
berrueco
berrín
berta
bervete
berza
berzal
berzas
berzotas
beréber
berón
bes
besalamano
besamanos
besamel
besamela
besana
besante
besar
besico
beso
bestezuela
bestia
bestiaje
bestial
bestialidad
bestialismo
bestializarse
bestialmente
bestiario
bestión
bestoba
bestoga
besucador
besucar
besucón
besugada
besugo
besuguera
besuguero
besuguete
besuqueador
besuquear
besuqueo
beta
betabel
betarraga
betarrata
betatrón
betel
betijo
betlehemita
betlehemítico
betlemita
betlemítico
betuláceo
betume
betumen
betuminoso
betunar
betunero
betunería
betónica
betún
beudez
beudo
bey
bezaar
bezante
bezar
bezo
bezoar
bezote
bezoárdico
bezoárico
bezudo
bezón
biajaca
biajaiba
biangular
bianual
biarca
biarrota
biaural
biauricular
biaxial
biaza
bibelot
biberón
bibijagua
biblia
bibliobús
bibliofilia
bibliografía
bibliográfico
bibliología
bibliomancia
bibliomancía
bibliomanía
bibliopola
biblioteca
bibliotecario
bibliotecología
bibliotecológico
biblioteconomía
bibliotecólogo
bibliófilo
bibliógrafo
bibliómano
bibí
bical
bicameral
bicameralismo
bicapsular
bicarbonatado
bicarbonato
bicentenario
bicerra
bicha
biche
bichero
bicho
bichoco
bichorno
bichozno
bichín
bici
bicicleta
biciclo
bicoca
bicolor
biconvexo
bicoquete
bicoquín
bicorne
bicornio
bicos
bicromato
bicromía
bicuento
bicéfalo
bicípite
bicóncavo
bicúspide
bidente
bidé
bidón
biela
bielda
bieldar
bieldo
bielga
bielgo
bielorruso
biempensante
bien
bienal
bienalmente
bienandante
bienandanza
bienaventurado
bienaventuranza
bienaventurar
bienestar
bienfacer
bienfamado
bienfecho
bienfechor
bienfortunado
biengranada
bienhablado
bienhaciente
bienhadado
bienhechor
bienhechuría
bienintencionado
bienio
bienllegada
bienmandado
bienmesabe
bienoliente
bienplaciente
bienquerencia
bienquerer
bienquistar
bienquisto
bienteveo
bienvenido
bienvista
bienvivir
bienza
bierzo
bies
bife
bifloro
bifocal
biforme
bifronte
bifurcación
bifurcado
bifurcarse
bifásico
biga
bigamia
bigarda
bigardear
bigardo
bigardía
bigarrado
bigarro
bigato
bignonia
bignoniáceo
bigorneta
bigornia
bigornio
bigorrella
bigote
bigotera
bigotudo
bigudí
bija
bijagua
bijao
bijol
bikini
bilabiado
bilabial
bilao
bilateral
bilbaíno
bilbilitano
biliar
biliario
bilingüe
bilingüismo
bilioso
bilirrubina
bilis
billa
billalda
billamarquín
billar
billarda
billarista
billarístico
billetado
billetaje
billete
billetero
billonésimo
billón
bilma
bilmar
bilobulado
bilocación
bilocarse
biloculado
bilocular
bilogía
bilongo
bilítero
bimano
bimba
bimbral
bimbre
bimembre
bimensual
bimestral
bimestre
bimetal
bimetalismo
bimetalista
bimotor
bina
binación
binador
binadura
binar
binario
binazón
bingarrote
bingo
binguí
binocular
binomio
binza
binóculo
biocenosis
biodegradable
biodegradación
biodinámica
biodiversidad
bioelectricidad
bioelemento
bioeléctrico
bioestadística
bioestratigrafía
biofísico
biogeografía
biografiado
biografiar
biografía
biográfico
biogénesis
biologismo
biología
bioluminiscencia
biológico
biomasa
biombo
biomecánico
biomedicina
biometría
biomédico
biométrico
biopolímero
bioprótesis
biopsia
bioquímica
bioquímico
biorritmo
biosfera
biota
biotecnología
biotipo
biotipología
biotipológico
bioética
bipartición
bipartidismo
bipartidista
bipartido
bipartito
bipedación
bipedalismo
bipedestación
biplano
biplaza
bipolar
bipolaridad
bipontino
biquini
biraró
biribís
biricú
birimbao
birla
birlador
birlar
birlesco
birlo
birlocha
birlocho
birlonga
birlí
birlón
birmano
birome
birreactor
birrectángulo
birrefringencia
birrefringente
birreme
birreta
birrete
birretina
birria
birrioso
birrión
biruje
biruji
bis
bisabuelo
bisagra
bisalta
bisalto
bisar
bisarma
bisayo
bisbisar
bisbisear
bisbiseo
bisbís
biscocho
biscote
bisecar
bisección
bisector
bisel
biselador
biselar
bisemanal
bisemanario
bisextil
bisexual
bisexualidad
bisiesto
bisilábico
bismutina
bismutita
bismuto
bisnieto
biso
bisojo
bisonte
bisoñada
bisoñería
bisoño
bisoñé
bispón
bistec
bistorta
bistrecha
bisturí
bisté
bisulco
bisulfito
bisulfuro
bisunto
bisurco
bisutero
bisutería
bisílabo
bit
bita
bitadura
bitango
bitar
bitinio
bitneriáceo
bitonal
bitonalidad
bitongo
bitoque
bitor
bitumen
bituminado
bituminoso
bitácora
bitínico
biunívoca
bivalente
bivalvo
bixáceo
bixíneo
biza
bizantinismo
bizantino
bizarramente
bizarrear
bizarro
bizarría
bizarrón
bizaza
bizbirindo
bizcar
bizco
bizcochada
bizcochar
bizcochera
bizcochero
bizcochería
bizcocho
bizcoreto
bizcorneado
bizcornear
bizcorneto
bizcotela
bizcuerno
bizma
bizmar
bizna
biznaga
biznagal
biznieto
bizquear
bizquera
biérgol
biógrafo
biólogo
biónica
biótico
biótopo
bióxido
blanca
blancal
blancarte
blancazo
blanchete
blanco
blancor
blancote
blancura
blancuzco
blanda
blandamente
blandeador
blandear
blandengue
blandenguería
blandense
blandeza
blandicia
blandicioso
blandir
blando
blanducho
blandujo
blandura
blandurilla
blanduzco
blandón
blanqueación
blanqueador
blanqueadura
blanqueamiento
blanquear
blanquecedor
blanquecer
blanquecimiento
blanquecino
blanqueo
blanquero
blanqueta
blanquete
blanquición
blanquillo
blanquimento
blanquimiento
blanquinegro
blanquinoso
blanquizal
blanquizar
blanquizco
blanquizo
blanquíbolo
blao
blasfemable
blasfemador
blasfemamente
blasfemante
blasfemar
blasfematorio
blasfemia
blasfemo
blasmar
blasmo
blasonado
blasonador
blasonar
blasonería
blasonista
blastema
blastoderma
blastodermo
blasón
blavo
blazer
ble
bleda
bledo
blefaritis
blefaroplastia
blenda
blenorragia
blenorrea
blenorrágico
blincar
blinco
blinda
blindada
blindado
blindaje
blindar
blister
bloc
bloca
blocao
blocar
blonda
blondina
blondo
bloque
bloqueador
bloquear
bloqueo
blues
blusa
blusón
boa
boalaje
boalar
boaqueño
boardilla
boato
bobada
bobalicón
bobalías
bobamente
bobatel
bobear
bobedad
bobera
boberá
bobería
bobillo
bobina
bobinado
bobinadora
bobinar
bobo
bobático
boca
bocabajo
bocabarra
bocacalle
bocacaz
bocacha
bocacho
bocací
bocada
bocadear
bocadillo
bocadito
bocado
bocajarro
bocal
bocallave
bocamanga
bocamina
bocana
bocanada
bocarada
bocarda
bocarte
bocata
bocateja
bocatijera
bocatoma
bocatoreño
bocaza
bocazas
bocazo
bocear
bocel
bocelar
bocelete
bocera
boceras
boceto
bocezar
bocezo
bocha
bochar
bochazo
boche
bochinche
bochinchero
bochista
bocho
bochorno
bochornoso
bochín
bocina
bocinar
bocinazo
bocinegro
bocinero
bocio
bock
boconada
bocoy
bocudo
bocín
bocón
boda
bode
bodega
bodegaje
bodego
bodegoncillo
bodegonero
bodeguero
bodegón
bodigo
bodijo
bodocal
bodocazo
bodollo
bodonal
bodoque
bodoquera
bodorrio
bodrio
body
bodón
boezuelo
bofarse
bofe
bofena
bofetada
bofetán
bofetón
bofeña
bofia
bofo
boga
bogada
bogador
bogar
bogavante
bogotano
bohardilla
bohemia
bohemiano
bohemio
bohemo
bohena
boheña
bohonero
bohonería
bohordar
bohordo
bohémico
bohío
bohíque
boicot
boicotear
boicoteo
boina
boira
boj
boja
bojar
bojazo
boje
bojear
bojedal
bojeo
bojiganga
bojo
bojote
bojotero
bol
bola
bolacero
bolacha
bolada
bolado
bolaga
bolagar
bolandista
bolar
bolardo
bolazo
bolañego
bolaño
bolchaca
bolchevique
bolcheviquismo
bolchevismo
boldina
boldo
boleado
boleador
bolear
boleo
bolera
boleras
bolero
boleta
boletar
boletero
boletería
boleto
boletín
boli
bolichada
boliche
bolichear
bolicheo
bolichero
bolihoyo
bolilla
bolillero
bolillo
bolina
bolinche
bolindre
bolineador
bolinear
bolinero
bolisa
bolita
bolivarense
bolivariano
bolivianismo
boliviano
bolla
bolladura
bollar
bollecer
bollera
bollero
bollería
bolliciar
bollicio
bollir
bollo
bollonado
bollén
bollón
bolo
bolonio
boloñés
bolsa
bolsada
bolsear
bolsera
bolsero
bolsería
bolsico
bolsillo
bolsiquear
bolsista
bolso
bolsor
bolsín
bolsón
bolígrafo
bolín
bolívar
bolón
bomba
bombacha
bombacho
bombacáceo
bombarda
bombardear
bombardeo
bombardera
bombardero
bombardino
bombardón
bombasí
bombazo
bombear
bombeo
bombero
bombilla
bombillo
bombo
bombona
bombonaje
bombonera
bombonería
bomborombillos
bombáceo
bombástico
bombé
bombín
bombón
bon
bona
bonachonería
bonachón
bonaerense
bonancible
bonanza
bonanzoso
bonapartismo
bonapartista
bonasí
bonaventuriano
bondad
bondadoso
bondoso
boneta
bonetada
bonetazo
bonete
bonetero
bonetería
bonetillo
bonga
bongo
bongosero
bongó
bonhomía
boniatillo
boniato
bonico
bonificación
bonificar
bonificativo
bonillo
bonina
bonista
bonitamente
bonitero
bonito
bonitura
bonizal
bonizo
bono
bonobús
bonoloto
bononiense
bonote
bonsai
bonsái
bonzo
bonísimo
bonítalo
boom
boque
boqueada
boquear
boquera
boqueronense
boquerón
boqueta
boquete
boquetero
boqui
boquiabierto
boquiancho
boquiangosto
boquiblando
boquiconejuno
boquidulce
boquiduro
boquiflojo
boquifresco
boquifruncido
boquihendido
boquihundido
boquilla
boquillero
boquimuelle
boquin
boquinatural
boquinegro
boquino
boquirrasgado
boquirroto
boquirrubio
boquiseco
boquisucio
boquisumido
boquitorcido
boquituerto
boquín
boratero
borato
borbolla
borbollar
borbollear
borbolleo
borbollonear
borbollón
borbor
borborigmo
borboritar
borborito
borbotar
borbotear
borboteo
borbotón
borbónico
borceguinero
borceguinería
borceguí
borcellar
borda
bordada
bordadillo
bordado
bordador
bordadura
bordar
borde
bordear
bordelés
bordillo
bordiona
bordo
bordona
bordoncillo
bordonear
bordoneo
bordonero
bordonería
bordura
bordón
boreal
borgoña
borgoñota
borgoñés
borgoñón
borguil
boria
boricado
boricua
borincano
borinqueño
borla
borlilla
borlote
borlón
borne
borneadizo
borneadura
bornear
borneo
bornero
bornizo
borní
boro
borona
borondanga
boronía
borra
borracha
borrachada
borrachear
borrachera
borrachero
borrachería
borrachez
borracho
borrachuela
borrachín
borrado
borrador
borradura
borragináceo
borragíneo
borraj
borraja
borrajear
borrajo
borrar
borrasca
borrascoso
borrasquero
borrega
borregada
borrego
borreguero
borreguil
borrero
borrica
borricada
borrical
borrico
borricote
borricón
borrina
borriquero
borriquete
borriqueño
borro
borrominesco
borroncillo
borronear
borrosidad
borroso
borrufalla
borrumbada
borrén
borrón
bortal
borto
boruca
boruga
borujo
borujón
borundés
boruquiento
boruro
borusca
bosadilla
bosar
boscaje
boscoso
bosniaco
bosnio
bosníaco
bosque
bosquejar
bosquejo
bosquete
bosquimano
bosquimán
bosta
bostar
bostear
bostezador
bostezar
bostezo
bosticar
bota
botadero
botado
botador
botadura
botafuego
botafumeiro
botagua
botagueña
botaina
botalomo
botalón
botamen
botana
botanista
botar
botaratada
botarate
botarel
botarete
botarga
botasilla
botavante
botavara
bote
boteal
botear
botecario
boteja
botella
botellazo
botellero
botellín
botellón
botero
botería
botica
boticaje
boticario
botiga
botiguero
botija
botijero
botijo
botijuela
botilla
botiller
botillero
botillería
botillo
botina
botinero
botinería
botiondo
botiquería
botiquín
botito
botivoleo
boto
botocudo
botonadura
botonazo
botonero
botonería
botor
botoral
botoso
bototo
botrino
botulismo
botuto
botánica
botánico
botín
botón
bou
bourbon
boutique
bovaje
bovedilla
bovino
bovático
box
boxeador
boxear
boxeo
boxístico
boya
boyacense
boyada
boyal
boyante
boyar
boyarda
boyardo
boyarín
boyera
boyeriza
boyerizo
boyero
boyuno
boza
bozal
bozalear
bozalejo
bozalillo
bozo
bozón
boíl
boîte
boñiga
boñigar
boñigo
boñiguero
brabante
brabanzón
brabántico
bracamarte
bracarense
braceada
braceador
braceaje
bracear
braceo
braceral
bracero
bracete
bracil
bracillo
bracista
bracmán
braco
bractéola
bradicardia
bradilalia
bradipepsia
bradita
brafonera
braga
bragada
bragado
bragadura
bragazas
braguero
bragueta
braguetazo
braguetero
braguillas
brahmanismo
brahmán
brahmín
brahonera
brahón
braille
brama
bramadera
bramadero
bramador
bramante
bramar
bramido
bramona
bramuras
bran
branca
brancada
brancal
brandal
brandy
brandís
branque
branquia
branquial
branquiuro
branquífero
branza
braquiación
braquiador
braquial
braquiar
braquicefalia
braquicéfalo
braquigrafía
braquiocefálico
braquiuro
braquiópodo
braquícero
brasa
brasca
brasear
brasero
brasil
brasilado
brasilero
brasilete
brasileño
brasmología
brava
bravamente
bravata
bravato
braveador
bravear
bravera
bravería
braveza
bravo
bravocear
bravonel
bravosidad
bravoso
bravosía
bravote
bravuconada
bravuconear
bravuconería
bravucón
bravura
bravío
braza
brazada
brazado
brazaje
brazal
brazalete
braznar
brazo
brazola
brazolargo
brazuelo
braña
brea
brear
brebaje
brebajo
breca
brecha
brechero
brecolera
brega
bregadura
bregar
breguero
bren
brenca
breque
bresca
brescar
bretador
bretaña
brete
bretoniano
bretón
bretónica
breva
breval
breve
brevedad
brevera
brevete
breviario
brevipenne
brezal
brezar
brezo
breña
breñal
breñar
breñoso
briago
brial
briba
bribar
bribia
bribiático
bribión
bribonada
bribonear
bribonería
bribonesco
bribón
bricbarca
bricho
bricolaje
brida
bridecú
bridón
briega
brigada
brigadero
brigadier
brigadiera
brigantina
brigantino
brigola
brillador
brillante
brillantemente
brillantez
brillantina
brillanté
brillar
brillazón
brillo
brilloso
brin
brincador
brincar
brincho
brincia
brinco
brindador
brindar
brindis
brinquillo
brinquiño
brinza
briocense
briofito
briol
brionia
briosamente
brioso
briozoo
briqueta
brisa
brisar
brisca
briscado
briscar
brisera
brisote
bristol
brisura
britano
británica
británico
briza
brizar
brizna
briznoso
briñón
briófito
broa
broca
brocadillo
brocado
brocadura
brocal
brocalado
brocamantón
brocatel
brocearse
brocense
broceo
brocha
brochada
brochado
brochadura
brochal
brochazo
broche
brocheta
brocho
brochón
brocino
brocárdico
brodio
brodista
brollador
brollar
brollo
broma
bromar
bromatología
bromatológico
bromatólogo
bromazo
bromear
bromeliáceo
bromista
bromo
bromuro
bronca
bronce
bronceado
bronceador
bronceadura
broncear
broncería
broncha
broncista
bronco
bronconeumonía
broncorragia
broncorrea
broncíneo
bronquedad
bronquial
bronquiectasia
bronquina
bronquio
bronquiolo
bronquitis
bronquíolo
bronquítico
bronzo
broquel
broquelarse
broquelazo
broquelero
broquelillo
broqueta
brosla
broslador
brosladura
broslar
brosquil
brota
brotadura
brotar
brote
broto
brotón
broza
brozador
brozar
broznamente
broznedad
brozno
brozoso
brucelosis
brucero
bruces
brucita
brugo
bruja
brujear
brujería
brujesco
brujez
brujidor
brujilla
brujir
brujo
brujulear
brujuleo
brulote
bruma
brumador
brumal
brumamiento
brumar
brumario
brumazón
brumo
brumoso
brunela
bruneta
brunete
bruno
brusca
bruscadera
bruscamente
bruscate
brusco
brusela
bruselas
bruselense
brusquedad
brusquero
brut
bruta
brutal
brutalidad
brutalizarse
brutalmente
brutesco
brutez
bruteza
bruto
bruza
bruzador
bruzar
bruzas
bruzos
bruñido
bruñidor
bruñidura
bruñimiento
bruñir
bruño
bráctea
brécol
brío
brístol
brócol
brócul
bróculi
bróquil
brótano
brótola
brújula
bu
buaro
buba
bubi
buboso
bubático
bubí
bubón
bubónico
bucal
bucanero
bucaral
bucardo
bucare
buccino
buceador
bucear
bucelario
buceo
bucero
buces
buchaca
buchada
buche
bucheta
buchete
buchinche
buchipluma
buchín
buchón
bucio
bucle
buco
bucolismo
bucéfalo
bucólica
bucólico
buda
budare
budinera
budismo
budista
budión
budín
buega
bueitre
buen
buena
buenaboya
buenamente
buenamoza
buenandanza
buenaventura
buenaventuriano
buenazo
bueno
buera
buetre
buey
bueyuno
bufa
bufado
bufador
bufalino
bufanda
bufar
bufarda
bufeo
bufete
bufia
bufido
bufo
bufonada
bufonearse
bufonería
bufonesco
bufonizar
bufos
bufé
bufón
bugalla
buganvilla
bugle
buglosa
buharda
buhardilla
buharro
buhedal
buhedera
buhedo
buhero
buhonero
buhonería
buhío
buido
buitre
buitrear
buitrero
buitrino
buitrón
bujalazor
bujarasol
bujarda
bujarrón
buje
bujeda
bujedal
bujedo
bujelada
bujeo
bujería
bujeta
bujier
bujiería
bujo
bujía
bula
bular
bulario
bulbar
bulbo
bulboso
bulbul
bulda
buldero
buldería
bule
bulero
bulerías
buleto
bulevar
bulimia
bulla
bullabesa
bullaje
bullanga
bullanguero
bullaranga
bullarengue
bulldozer
bullebulle
bullente
bullicio
bulliciosamente
bullicioso
bullidor
bullir
bullón
bulo
bulto
bululú
bulárcama
bulí
bulín
bulón
bumangués
bumerán
buna
bungalow
buniatal
buniato
bunio
buque
buqué
bura
buraco
burato
burbuja
burbujear
burbujeo
burchaca
burche
burda
burdamente
burdel
burdelero
burdelesco
burdeos
burdo
burdégano
burebano
burel
burelado
bureo
bureta
burga
burgado
burgalés
burgo
burgomaestre
burgos
burgrave
burgraviato
burguesismo
burguesía
burgueño
burgués
burgés
buriel
burielado
buril
burilada
burilador
buriladura
burilar
burjaca
burla
burladero
burlador
burlar
burlería
burlesco
burlete
burlote
burlón
buro
burocracia
burocratismo
burocratización
burocratizar
burocrático
burra
burrada
burrajear
burrajo
burral
burrero
burrez
burreño
burricie
burriciego
burriel
burrillo
burrito
burro
burrumbada
burseráceo
bursitis
bursátil
buruca
burucuyá
burujo
burujón
burundanga
buruquiento
burusca
burí
burío
buró
burócrata
bus
busarda
busca
buscabulla
buscada
buscador
buscamiento
buscaniguas
buscapersonas
buscapique
buscapié
buscapiés
buscapleitos
buscar
buscarla
buscarruidos
buscavida
buscavidas
busco
buscón
buseta
bushido
busier
busilis
busito
buso
busquillo
busto
bustrofedon
bustrófedon
butaca
butadieno
butanero
butano
butaque
buten
butifarra
butifarrero
butiondo
butiro
butiroso
butiá
butomeo
butomáceo
butrino
butronero
butrón
butuco
buxáceo
buyo
buz
buzamiento
buzaque
buzar
buzarda
buzcorona
buzo
buzonear
buzoneo
buzonera
buzos
buzón
bué
buétago
buñolero
buñolería
buñuelo
byroniano
bácara
bácaris
báciga
báculo
bádminton
bálago
bálamo
bálano
bálsamo
bálteo
báltico
báquico
báquira
báquiro
báratro
bárbara
bárbaramente
bárbaro
bárbulas
bártulos
báscula
básicamente
básico
básquet
bástulo
bátavo
bávaro
béisbol
bélgico
bélico
béquico
bérbero
bérberos
béstola
bético
bíbaro
bíblico
bíceps
bífero
bífido
bígamo
bígaro
bímano
bínubo
bípede
bípedo
bístola
bíter
bóbilis
bóer
bófeta
bólido
bórax
bóreas
bóreo
bórico
bóveda
bóvido
bóxer
búa
búbala
búbalo
búcare
búcaro
búdico
búe
búfala
búfalo
búfana
búfano
búho
búlgaro
búlico
búnker
búsqueda
búster
búzano
