c
ca
caaminí
cabadelante
cabal
cabalar
cabalero
cabalgada
cabalgador
cabalgadura
cabalgamiento
cabalgar
cabalgata
cabalgazón
cabalhuste
cabalino
cabalista
caballa
caballada
caballaje
caballar
caballazo
caballear
caballejo
caballerango
caballerato
caballerazo
caballerear
caballeresco
caballerete
caballeril
caballerito
caballeriza
caballerizo
caballero
caballerosamente
caballerosidad
caballeroso
caballerote
caballería
caballeta
caballete
caballillo
caballista
caballito
caballo
caballuno
caballón
cabalmente
cabalonga
cabalístico
cabanga
cabaretero
cabarga
cabarra
cabarrón
cabaré
cabaza
cabaña
cabañal
cabañense
cabañera
cabañero
cabañería
cabañil
cabdal
cabdillazgo
cabdillo
cabe
cabear
cabeceado
cabeceador
cabeceamiento
cabecear
cabeceo
cabecero
cabeciancho
cabeciduro
cabecilla
cabedero
cabellado
cabellar
cabellera
cabello
cabelludo
caber
cabero
cabestraje
cabestrante
cabestrar
cabestrear
cabestrero
cabestrería
cabestrillo
cabestro
cabete
cabeza
cabezada
cabezaje
cabezal
cabezalero
cabezalería
cabezazo
cabezcaído
cabezo
cabezonada
cabezonería
cabezorro
cabezota
cabezote
cabezudamente
cabezudo
cabezuela
cabezón
cabido
cabila
cabildada
cabildante
cabildear
cabildeo
cabildero
cabildo
cabileño
cabilla
cabillero
cabillo
cabimiento
cabina
cabinera
cabio
cabizbajo
cabizcaído
cabizmordido
cable
cableado
cablear
cablegrafiar
cablegrama
cablegráfico
cablero
cablieva
cabo
caboral
cabotaje
caboverdiano
cabra
cabracho
cabrada
cabrahigadura
cabrahigal
cabrahigar
cabrahígo
cabrales
cabrear
cabreo
cabrerizo
cabrero
cabrería
cabrestante
cabria
cabrilla
cabrillear
cabrilleo
cabrina
cabrio
cabriola
cabriolar
cabriolear
cabriolé
cabrita
cabritada
cabritero
cabritilla
cabrito
cabrituno
cabro
cabronada
cabruno
cabruñar
cabruño
cabría
cabrío
cabrón
cabujón
caburé
cabuya
cabuyera
cabuyería
cabás
caca
cacahual
cacahuate
cacahuatero
cacahuero
cacahuete
cacalota
cacalote
cacana
cacao
cacaotal
cacaotero
cacaraña
cacarañado
cacareador
cacarear
cacareo
cacarico
cacarizo
cacarro
cacaste
cacastle
cacatúa
cacea
cacear
caceo
cacera
cacereño
cacerina
cacerola
cacerolada
cacería
caceta
cacha
cachaciento
cachaco
cachada
cachador
cachafaz
cachalote
cachamarín
cachanchán
cachanlagua
cachano
cachapa
cachapera
cachar
cacharpari
cacharpas
cacharpaya
cacharrazo
cacharrear
cacharrero
cacharrería
cacharro
cachas
cachava
cachavazo
cachavo
cachaza
cachazo
cachazudo
cachaña
cachañear
cache
cachear
cachelos
cachemarín
cachemir
cachemira
cacheo
cachera
cacheta
cachetada
cachete
cachetear
cachetero
cachetina
cachetudo
cachetón
cachicamo
cachicuerno
cachicán
cachidiablo
cachiflín
cachifollar
cachigordo
cachila
cachillada
cachilo
cachimba
cachimbazo
cachimbo
cachimán
cachina
cachinflín
cachipodar
cachipolla
cachiporra
cachiporrazo
cachiporrearse
cachiporrero
cachipuco
cachiquel
cachirla
cachirolada
cachirulear
cachirulo
cachito
cachivache
cachivachero
cachiza
cachizo
cacho
cachola
cachondear
cachondeo
cachondez
cachondiez
cachondo
cachopo
cachopín
cachorra
cachorreñas
cachorrillo
cachorro
cachua
cachucha
cachuchero
cachucho
cachudo
cachuela
cachuelo
cachulera
cachulero
cachumbambé
cachumbo
cachunde
cachupinada
cachupín
cachurear
cachureco
cachureo
caché
cachón
cachú
cachúa
cacicada
cacicato
cacicatura
cacicazgo
cacillo
cacimba
cacique
caciquear
caciquil
caciquismo
cacle
caco
cacodilato
cacodilo
cacodílico
cacofonía
cacofónico
cacografía
cacología
cacomite
cacomiztle
cacoquimia
cacoquimio
cacoquímico
cacorro
cacosmia
cacota
cacreco
cacto
cactus
cactáceo
caculear
caculo
cacumen
cacuminal
cacuy
cacán
cada
cadahalso
cadaldía
cadalecho
cadalso
cadarzo
cadaval
cadavera
cadaverina
cadaveroso
cadavérico
cadañal
cadañego
cadañero
caddie
cadejo
cadena
cadenado
cadencia
cadenciosamente
cadencioso
cadenero
cadeneta
cadenilla
cadente
cadera
caderamen
caderillas
cadetada
cadete
cadi
cadiazgo
cadillar
cadillo
cadira
cadmio
cadmía
cado
cadoce
cadozo
caduca
caducamente
caducar
caduceador
caduceo
caducidad
caducifolio
caduco
caduquez
cadáver
cadávera
cadí
caedizo
caedura
caer
cafetal
cafetalero
cafetear
cafetera
cafetero
cafetería
cafeto
cafetucho
cafetín
cafeína
caficultor
cafiroleta
cafiz
cafizamiento
cafre
caftán
café
cagaaceite
cagachín
cagada
cagadero
cagado
cagafierro
cagajón
cagalaolla
cagalar
cagalera
cagaluta
caganido
caganidos
cagantina
cagar
cagarrache
cagarria
cagarropa
cagarruta
cagatinta
cagatintas
cagatorio
caguama
caguaso
cague
cagueta
cagón
cahizada
cahuerco
cahuín
cahíz
cai
caico
caicobé
caigua
caiguá
caima
caimacán
caimanera
caimiento
caimital
caimito
caimán
cainita
caique
caire
cairel
cairelar
cairino
cairota
caite
caja
cajamarquino
cajel
cajera
cajero
cajería
cajeta
cajete
cajetilla
cajetín
cajiga
cajigal
cajigo
cajilla
cajista
cajo
cajonada
cajonera
cajonero
cajonería
cajuela
cajuil
cajá
cají
cajín
cajón
cakchiquel
cal
cala
calaba
calabacear
calabacero
calabacil
calabacilla
calabacinate
calabacino
calabacín
calabaza
calabazada
calabazar
calabazate
calabazazo
calabazo
calabazona
calabazuela
calabazón
calabobos
calabocero
calabozaje
calabozo
calabriada
calabriar
calabrotar
calabrote
calabrés
calacear
calache
calacuerda
calada
caladera
caladero
calado
calador
caladre
caladura
calafate
calafateado
calafateador
calafateadura
calafatear
calafateo
calafatería
calafatín
calafetear
calagozo
calagraña
calaguala
calaguasca
calagurritano
calahorra
calahorrano
calahorreño
calaje
calaluz
calamaco
calamar
calambac
calambre
calambreña
calambuco
calambur
calamento
calameño
calamidad
calamiforme
calamillera
calamina
calaminar
calaminta
calamistro
calamita
calamite
calamitosamente
calamitoso
calamocano
calamocha
calamoco
calamonarse
calamorra
calamorrada
calamorrar
calamorrazo
calamorro
calamón
calandra
calandraca
calandraco
calandrado
calandrajo
calandrar
calandria
calapé
calar
calarse
calasancio
calato
calatrava
calatraveño
calatravo
calavera
calaverada
calaverear
calaverna
calavernario
calavero
calaverón
calazo
calaíta
calaña
calaño
calañés
calboche
calbote
calbotes
calca
calcado
calcador
calcar
calcañal
calcañar
calcaño
calcañuelo
calce
calceatense
calcedonense
calcedonio
calceolaria
calceta
calcetar
calcetero
calcetería
calceto
calcetín
calcetón
calcha
calchacura
calchaquí
calchona
calchudo
calchín
calchón
calcicosis
calcificación
calcificar
calcillas
calcina
calcinable
calcinación
calcinado
calcinador
calcinamiento
calcinar
calcinatorio
calcinero
calcio
calciotermia
calcita
calcitrapa
calco
calcografiar
calcografía
calcográfico
calcolítico
calcomanía
calcopirita
calcorrear
calcorro
calcotipia
calculable
calculación
calculadamente
calculador
calcular
calculatorio
calculista
calculoso
calcáneo
calcáreo
calcés
calcídico
calcímetro
calcógrafo
calda
caldaico
caldaria
caldario
caldeamiento
caldear
caldense
caldeo
caldera
calderada
calderero
calderería
caldereta
calderetero
calderil
calderilla
caldero
calderoniano
calderuela
calderón
caldeísmo
caldibache
caldibaldo
caldillo
caldo
caldoso
calducho
caldudo
caldén
cale
caledoniano
caledonio
calefacción
calefactor
calefactorio
calefón
caleidoscopio
calejo
calenda
calendar
calendario
calendarista
calentado
calentador
calentamiento
calentano
calentar
calentito
calentura
calenturiento
calenturoso
calenturón
calentón
calepino
caler
calera
calero
calería
calesa
calesera
calesero
calesinero
calesita
calesín
caleta
caletear
caletero
caletre
caleza
caleño
cali
calibo
calibración
calibrador
calibrar
calibre
calicanto
calicata
caliche
calichera
caliciflora
caliciforme
calicillo
calicinal
calicud
caliculado
calicular
calicut
calicó
calidad
calidez
calidonio
calidoscopio
calidoscópico
calientapiés
calientaplatos
calientapollas
caliente
califa
califal
califato
calificable
calificación
calificadamente
calificado
calificador
calificar
calificativo
california
californiano
californio
califórnico
caliginoso
caligrafiar
caligrafía
caligrama
caligráfico
calilla
calima
calimaco
calimba
calimbar
calimbo
calimocho
calimoso
calimote
calina
calinoso
calipedia
calipso
calipédico
calisaya
calistenia
calitipia
calivo
calizo
calla
callacuece
callada
calladamente
callado
callador
callamiento
callampa
callana
callandico
callandito
callando
callantar
callao
callapo
callar
calle
callear
callecalle
calleja
callejear
callejeo
callejero
callejo
callejuela
callejón
callentar
callera
calletre
callialto
callicida
callista
callizo
callo
callonca
callosar
callosidad
calloso
callueso
callón
calma
calmante
calmar
calmaría
calmazo
calmería
calmo
calmoso
calmuco
calmudo
calnado
calo
calobiótica
calocéfalo
calofilo
calofriarse
calofrío
calografía
calología
caloma
calomel
calomelanos
calonche
calonge
calongía
caloniar
calor
caloriamperímetro
caloricidad
calorificación
calorimetría
calorimétrico
calorina
calorosamente
caloroso
caloría
calorídoro
calorífero
calorífico
calorífugo
calorímetro
calosfriarse
calosfrío
caloso
calostro
calote
calotear
calotipia
caloyo
caloña
caloñar
calpamulo
calpense
calpixque
calpián
calpul
calquín
calseco
calta
calucha
caluga
caluma
calumbo
calumbre
calumbrecerse
calumbriento
calumnia
calumniador
calumniar
calumniosamente
calumnioso
calungo
calura
caluro
calurosamente
caluroso
caluyo
calva
calvados
calvar
calvario
calvatrueno
calverizo
calvero
calvete
calvez
calvicie
calvijar
calvinismo
calvinista
calvitar
calvo
calza
calzacalzón
calzada
calzadera
calzado
calzador
calzadura
calzar
calzatrepas
calzo
calzona
calzonario
calzonazos
calzoncillo
calzoneta
calzonudo
calzorras
calzón
calán
calántica
calé
caléndula
calés
calículo
calífero
calígine
calígrafo
calípedes
calípico
caló
calón
calóptero
calórico
cama
camacero
camachuelo
camada
camafeo
camagua
camagón
camagüe
camagüeyano
camagüira
camahuas
camaján
camal
camaldulense
camalero
camaleón
camaleónico
camalotal
camalote
camama
camambú
camamila
camanance
camanchaca
camandulear
camandulense
camandulero
camandulería
camanonca
camao
camarada
camaradería
camaraje
camaranchón
camarero
camarería
camareta
camargueño
camarico
camariento
camarilla
camarillera
camarillesco
camarina
camarista
camarlengo
camaronear
camaronero
camarote
camarotero
camarroya
camarín
camarógrafo
camarón
camarú
camastro
camastronería
camastrón
camatón
camaza
camba
cambada
cambado
cambalachar
cambalache
cambalachear
cambalachero
cambalada
cambaleo
camballada
cambalud
cambar
cambará
cambarín
cambera
cambero
cambeto
cambiable
cambiada
cambiadizo
cambiador
cambiamiento
cambiante
cambiar
cambiario
cambiavía
cambiazo
cambija
cambio
cambista
cambiza
cambizar
cambizo
cambo
cambocho
camboyano
cambra
cambray
cambrayado
cambrayón
cambriano
cambrillón
cambronal
cambronera
cambroño
cambrón
cambrún
cambucha
cambucho
cambuj
cambujo
cambullo
cambullonero
cambullón
cambur
cambute
cambutera
cambímbora
cambín
cambón
camedrio
camedris
camedrita
camelador
camelar
camelete
camelia
camelieo
camelina
camelista
camella
camellero
camellería
camello
camellón
camelo
camelotado
camelote
camelotina
camelotón
camelíeo
camelístico
camembert
camena
camenal
camera
cameraman
camerano
camerino
camero
camerá
camiar
camilla
camillero
camilo
camilucho
caminada
caminador
caminante
caminar
caminata
caminero
camino
caminí
camio
camionada
camionaje
camionero
camioneta
camisa
camisero
camisería
camiseta
camisola
camisolín
camisote
camisón
camita
camitosemítico
camión
camoatí
camochar
camocán
camomila
camonadura
camoncillo
camorra
camorrear
camorrero
camorrista
camota
camotal
camote
camotear
camotero
camotillo
campa
campago
campal
campamento
campamiento
campana
campanada
campanario
campanazo
campanear
campanela
campaneo
campanero
campaniforme
campanil
campanilla
campanillazo
campanillear
campanilleo
campanillero
campanillo
campano
campanología
campante
campanudo
campanuláceo
campanólogo
campar
camparín
campaña
campañista
campañol
campeada
campeador
campear
campechana
campechanamente
campechanería
campechano
campechanía
campeche
campeo
campeonato
campera
camperear
camperero
campero
campería
campesinado
campesino
campestre
campeón
campillo
campilán
camping
campirano
campismo
campista
campizal
campiña
campiñés
campión
campo
camporruteño
camposanto
camposino
campuroso
campurriano
campus
campánula
campés
camuatí
camucha
camuesa
camueso
camuflaje
camuflar
camuza
camuña
camá
camándula
camélido
camíbar
camítico
camón
can
cana
canaballa
canabíneo
canaca
canaco
canadiella
canadiense
canadillo
canal
canalado
canaladura
canaleja
canalera
canalero
canaleta
canalete
canaleto
canalizable
canalización
canalizar
canalizo
canalla
canallada
canallesco
canalón
canana
cananeo
cananga
canapé
canaria
canaricultura
canariense
canariera
canario
canarión
canasta
canastada
canastero
canastilla
canastillero
canastillo
canastita
canasto
canastro
canaula
cancamurria
cancamusa
cancana
cancaneado
cancanear
cancaneo
cancanilla
cancano
cancanoso
cancel
cancela
cancelación
canceladura
cancelar
cancelaria
cancelariato
cancelario
cancelaría
cancelería
canceller
cancellería
cancerado
cancerar
cancerbero
canceriforme
cancerología
cancerológico
canceroso
cancerígeno
cancerólogo
cancha
canchal
canchalagua
canchamina
canchaminero
canchear
canchelagua
cancheo
canchera
canchero
cancho
canchón
cancilla
canciller
cancillera
cancilleresco
cancillería
cancioneril
cancionero
cancioneta
cancionista
canción
cancona
cancro
cancroide
cancroideo
cancán
cancín
cancón
candado
candajón
candalera
candaliza
candamo
candanga
candar
cande
candeal
candeda
candela
candelabro
candelada
candelaria
candelecho
candeledano
candelejón
candelera
candelerazo
candelero
candelería
candeleta
candelilla
candelizo
candelón
candencia
candente
candi
candial
candidación
candidado
candidato
candidatura
candidez
candidiasis
candiel
candil
candilada
candilazo
candileja
candilejo
candilera
candilero
candilillo
candilón
candinga
candiota
candiote
candiotera
candiotero
candombe
candombear
candongo
candonguear
candonguero
candor
candorga
candoroso
candray
canducho
canear
caneca
canecer
canecillo
caneco
caneforias
canela
canelado
canelar
canelazo
canelero
canelilla
canelillo
canelina
canelita
canelo
caneláceo
canelón
canequí
canero
canesú
caney
canez
canfor
canfora
canforar
canfín
canfínfora
canga
cangagua
cangalla
cangallar
cangallero
cangallo
cangar
cangilón
cangre
cangreja
cangrejal
cangrejero
cangrejo
cangrena
cangrenarse
cangro
cangroso
canguelo
canguil
canguro
cangüeso
cania
canibalismo
canica
canicie
canicular
caniculario
canido
canijo
canil
canilla
canillado
canillero
canillita
canilludo
canime
canina
caninamente
caninero
caninez
canino
caniquí
canistel
canistro
canivete
canje
canjeable
canjear
canjilón
canjura
canjuro
canmiar
cannabis
cannabáceo
cannáceo
cano
canoa
canoero
canon
canonesa
canonical
canonicato
canonigado
canonista
canonizable
canonización
canonizar
canonjible
canonjía
canope
canoro
canoso
canquén
cansadamente
cansado
cansamiento
cansancio
cansar
cansera
cansino
canso
canstadiense
cansío
cansón
canta
cantable
cantaclaro
cantadera
cantado
cantador
cantal
cantalear
cantaleta
cantaletear
cantalinoso
cantamañanas
cantamisa
cantante
cantaor
cantar
cantarada
cantaral
cantarano
cantarela
cantarera
cantarero
cantarería
cantarilla
cantarrana
cantarín
cantata
cantatriz
cantautor
cantazo
cante
cantear
cantel
cantera
canterano
canterios
canterito
cantero
cantería
cantesa
canticio
cantidad
cantiga
cantil
cantilena
cantillo
cantimpla
cantimplora
cantina
cantinela
cantinero
cantinflada
cantinflas
cantinflear
cantinflesco
cantista
cantitativo
cantizal
cantiña
canto
cantollanista
cantonado
cantonal
cantonalismo
cantonalista
cantonar
cantonear
cantonearse
cantoneo
cantonero
cantor
cantoral
cantorral
cantoría
cantoso
cantuariense
cantueso
canturrear
canturreo
canturria
canturriar
canturía
cantusar
cantusear
cantuta
cantábile
cantábrico
cantárida
cantía
cantío
cantón
cantú
canudo
canular
canutas
canutazo
canute
canutero
canutillo
canuto
canáceo
cané
canéfora
caníbal
canícula
canódromo
canónica
canónicamente
canónico
canóniga
canónigo
cao
caoba
caobana
caobilla
caobo
caolinización
caolín
caos
cap
capa
capacear
capaceta
capacete
capacha
capachada
capachero
capacho
capacidad
capacitación
capacitar
capadillo
capadocio
capador
capadura
capanga
capar
capararoch
caparazón
caparidáceo
caparra
caparro
caparrosa
caparrón
caparídeo
capataz
capaz
capaza
capazmente
capazo
capazón
capciosidad
capcioso
capción
capdal
capea
capeada
capeadera
capeador
capear
capeja
capel
capelardente
capelete
capelina
capellada
capellanía
capellar
capellina
capellán
capelo
capelán
capeo
capero
caperol
caperucear
caperuza
caperuzado
caperuzón
capeta
capetonada
capeón
capi
capia
capialzado
capialzar
capialzo
capibara
capicati
capicatí
capichola
capicholado
capicúa
capidengue
capigorra
capigorrista
capigorrón
capiguara
capilar
capilaridad
capilarímetro
capilla
capillada
capilleja
capillejo
capiller
capillero
capilleta
capillo
capilludo
capincho
capingo
capio
capipardo
capirotado
capirotazo
capirote
capirotero
capirucho
capirón
capisayo
capiscol
capiscolía
capistro
capitación
capital
capitaleño
capitalidad
capitalino
capitalismo
capitalista
capitalizable
capitalización
capitalizar
capitalmente
capitana
capitanear
capitaneja
capitanejo
capitanía
capitel
capitidisminución
capitidisminuido
capitidisminuir
capitolino
capitolio
capitoné
capitoso
capitoste
capitulación
capitulado
capitulante
capitular
capitulario
capitularmente
capitá
capitán
capitón
capizana
capnomancia
capnomancía
capo
capolado
capolar
capona
caponada
caponar
caponera
caporal
caporalista
capororoca
caporos
capota
capotar
capotazo
capote
capotear
capoteo
capotero
capotillo
capotudo
cappa
caprario
capricho
caprichoso
caprichudo
capricornio
caprifoliáceo
caprino
caprípede
caprípedo
capsular
captación
captador
captar
captatorio
captenencia
captener
captivar
captiverio
captividad
captivo
captor
captura
capturar
capuceta
capucete
capucha
capuchina
capuchino
capucho
capuchón
capuera
capuleto
capulina
capullina
capullo
capulí
capulín
capuz
capuzar
capuzón
capá
capí
capín
capítol
capítula
capítulo
capó
capón
capúlido
caquetense
caquexia
caqui
caquéctico
car
cara
caraba
carabalí
carabao
carabear
carabela
carabelón
carabero
carabina
carabinazo
carabinera
carabinero
carablanca
carabobeño
carabritear
caraca
caracal
caracalla
caracará
caracas
caracatey
caracense
caracha
carache
carachento
caracho
carachoso
carachupa
caracoa
caracol
caracola
caracolada
caracolear
caracoleo
caracolero
caracoleta
caracolillo
caracolí
caracterismo
caracterización
caracterizado
caracterizador
caracterizar
caracterología
caracterológico
característica
característicamente
característico
caracul
caracú
caradelante
carado
caradriforme
caradura
carago
caraguata
caraguatá
caraipo
caraira
caraja
carajada
carajillo
carajo
carajá
carajás
caralla
carama
caramanchel
caramanchelero
caramanchón
caramayola
caramañola
caramba
carambanado
carambillo
carambola
carambolear
carambolero
carambolista
carambolo
caramel
caramelear
carameleo
caramelizar
caramelo
caramente
caramera
caramida
caramilla
caramillar
caramilleras
caramillo
caramilloso
caramujo
caramullo
caramuzal
carancho
carandero
caranegra
caranga
carantamaula
carantoña
carantoñero
carantón
carao
caraos
caraota
carapa
carapachay
carapacho
carapato
carape
carapico
carapopela
carapucho
carapulca
caraqueño
caraquilla
carare
carasol
carate
caratejo
carato
caratoso
caratulado
caratular
caratulero
carau
carauz
caravana
caravanero
caravasar
caray
carayá
caraísmo
caraíta
caraña
caraú
carba
carbalí
carbinol
carbizal
carbizo
carbodinamita
carbolíneo
carbonada
carbonado
carbonalla
carbonar
carbonario
carbonarismo
carbonatado
carbonatar
carbonato
carboncillo
carbonear
carboneo
carbonera
carbonerica
carbonero
carbonería
carbonilla
carbonilo
carbonita
carbonización
carbonizar
carbono
carbonoso
carbonífero
carborundo
carboxilo
carboxílico
carbuncal
carbunclo
carbunco
carbuncosis
carbuncoso
carburación
carburador
carburante
carburar
carburina
carburo
carbógeno
carbón
carbónico
carbúnculo
carca
carcacha
carcaj
carcajada
carcajear
carcamal
carcamán
carcasa
carcavear
carcavera
carcavina
carcavinar
carcavonera
carcavuezo
carcavón
carcax
carcaza
carcañal
carcaño
carcelaje
carcelario
carcelazo
carcelera
carcelero
carcelería
carchense
carcinología
carcinológico
carcinoma
carcinógeno
carcocha
carcoma
carcomer
carcomiento
carcunda
carcón
carda
cardada
cardado
cardador
cardadura
cardaestambre
cardal
cardamina
cardamomo
cardancho
cardar
cardario
cardelina
cardenal
cardenalato
cardenalicio
cardencha
cardenchal
cardenilla
cardenillo
cardero
cardería
cardeña
cardiaca
cardiaco
cardial
cardialgia
cardias
cardillar
cardillo
cardimuelle
cardinal
cardinas
cardinche
cardiocirujano
cardiografía
cardiograma
cardiología
cardiopatía
cardiovascular
carditis
cardizal
cardiáceo
cardiálgico
cardiógrafo
cardiólogo
cardiópata
cardo
cardona
cardonal
cardoncillo
carducha
cardume
cardumen
carduza
carduzador
carduzal
carduzar
cardán
cardíaca
cardíaco
cardítico
cardón
carea
careador
carear
carecer
carecimiento
careicillo
carel
carena
carenada
carenado
carenadura
carenar
carencia
carencial
carenero
carenote
carente
carenóstilo
careo
carero
caresa
carestía
careto
carey
careza
carga
cargada
cargadal
cargadera
cargadero
cargadilla
cargado
cargador
cargamento
cargancia
cargante
cargar
cargareme
cargazón
cargo
cargosear
cargoso
cargue
carguero
carguerío
carguillero
carguío
cari
caria
cariacedo
cariaco
cariacontecido
cariacos
cariacuchillado
cariado
cariadura
cariaguileño
carialegre
carialzado
cariampollado
cariampollar
cariancho
cariaquito
cariar
caribe
caribello
caribeño
cariblanco
caribú
caricari
caricato
caricatura
caricatural
caricaturar
caricaturesco
caricaturista
caricaturización
caricaturizar
carichato
caricia
cariciosamente
caricioso
caricáceo
caridad
caridelantero
caridoliente
cariedón
carientismo
caries
carifruncido
carigordo
cariharto
carilampiño
carilargo
carilimpio
carilindo
carilla
carilleno
carillo
carillón
carilucio
carincho
carinegro
carininfo
cario
carioca
cariocar
cariocariáceo
cariocinesis
cariocinético
cariofileo
cariofilina
cariofiláceo
carioquinesis
carioso
cariotipo
cariparejo
caripelado
carirraído
carirredondo
carisea
cariseto
carisias
carisma
carismático
carisquio
carisquío
caristias
caristio
caritatero
caritativo
carite
cariucho
cariz
cariátide
cariñana
cariñar
cariñena
cariño
cariñoso
cariópside
carla
carlanca
carlanco
carlancón
carlear
carleta
carlina
carlincho
carlinga
carlismo
carlista
carlita
carlota
carlovingio
carlín
carló
carlón
carmañola
carme
carmel
carmelina
carmelita
carmelitano
carmen
carmenador
carmenadura
carmenar
carmentina
carmes
carmesita
carmesí
carminar
carminativo
carminita
carminoso
carmín
carmíneo
carnación
carnada
carnadura
carnaje
carnal
carnalidad
carnalmente
carnauba
carnaval
carnavalada
carnavalear
carnavalesco
carnavalito
carnaválico
carnaza
carnazón
carne
carneada
carnear
carnecilla
carnerada
carneraje
carnereamiento
carnerear
carnerero
carneril
carnero
carneruno
carnestolendas
carnicero
carnicería
carnicol
carnificación
carnificarse
carniforme
carniola
carnios
carniseco
carniza
carnosidad
carnoso
carnudo
carnuz
carnuza
carné
carnícoles
carnífice
carnívoro
caro
caroba
caroca
carocha
carochar
carola
carolina
carolingio
carolino
carolo
caromomia
carona
caroncharse
caroncho
caronchoso
caronjo
caroquero
caroreño
carosiera
carosiero
carosis
carota
caroteno
carotina
caroto
carozo
caroñoso
carpa
carpancho
carpanel
carpanta
carpe
carpedal
carpelar
carpelo
carpentear
carpeta
carpetano
carpetazo
carpetero
carpetovetónico
carpeño
carpiano
carpidor
carpincho
carpintear
carpintera
carpinteril
carpintero
carpintería
carpintesa
carpir
carpo
carpobálsamo
carpología
carpófago
carqueja
carquerol
carquesa
carquesia
carquiñol
carra
carraca
carracero
carraco
carracón
carrada
carrafa
carral
carraleja
carralero
carramarro
carramplón
carranca
carrancudo
carranza
carrao
carrasca
carrascal
carrasco
carrascoso
carraspada
carraspear
carraspeo
carraspera
carraspeño
carraspina
carraspique
carrasposo
carrasquear
carrasquera
carrasqueño
carrasquilla
carrasquizo
carraza
carrazo
carraña
carrañaca
carrañoso
carrañón
carraón
carrear
carredano
carrejo
carrendera
carrendilla
carrera
carrerear
carrerilla
carrerista
carrero
carreta
carretada
carretaje
carretal
carrete
carretear
carretel
carretela
carretera
carreteril
carretero
carretería
carretil
carretilla
carretillada
carretillero
carretillo
carretonada
carretoncillo
carretonero
carretón
carreña
carric
carricar
carricera
carricero
carricerín
carricillo
carricoche
carricuba
carriego
carriel
carril
carrilada
carrilano
carrilera
carrilero
carrilete
carrillada
carrillera
carrillo
carrilludo
carrindanga
carriola
carriona
carrique
carriquí
carrizada
carrizal
carrizo
carriño
carro
carrocero
carrocería
carrocha
carrochar
carrocín
carromatero
carromato
carronada
carroza
carrozable
carrozar
carroña
carroñar
carroñero
carroño
carroñoso
carruaje
carruajero
carruata
carruca
carrucar
carrucha
carruchera
carruco
carrujado
carrujo
carruna
carrusel
carrón
carta
cartabón
cartagenero
cartaginense
cartaginiense
cartaginés
cartapacio
cartapel
cartazo
carteado
cartear
cartel
cartela
cartelado
cartelear
cartelero
cartelista
carteo
cartera
carterista
cartero
cartería
cartesianismo
cartesiano
carteta
cartiero
cartilaginoso
cartilagíneo
cartilla
cartilágine
cartivana
cartografiar
cartografía
cartográfico
cartolas
cartomancia
cartomancía
cartometría
cartomántico
cartométrico
cartonaje
cartonera
cartonero
cartonería
cartonista
cartoné
cartuchera
cartucho
cartuchón
cartuja
cartujano
cartujo
cartulario
cartulina
cartusana
cartílago
cartógrafo
cartómetro
cartón
caruata
caruja
carunculado
caruncular
carupanero
carurú
caruto
carvajal
carvajo
carvallar
carvalleda
carvalledo
carvallo
carvayo
carvi
carábido
carácter
carámbano
carángano
carátula
caríbal
carón
carótida
carúncula
cas
casa
casabe
casaca
casación
casadero
casado
casal
casalero
casalicio
casamata
casamentero
casamiento
casampulga
casamuro
casanarense
casanareño
casanova
casapuerta
casaquilla
casaquín
casar
casariego
casarón
casateniente
casatienda
casca
cascabel
cascabela
cascabelada
cascabelear
cascabeleo
cascabelero
cascabelillo
cascabillo
cascabullo
cascaciruelas
cascada
cascado
cascadura
cascajal
cascajar
cascajera
cascajo
cascajoso
cascajuelo
cascalbo
cascalleja
cascalote
cascamajar
cascamiento
cascanueces
cascapiñones
cascar
cascarela
cascarilla
cascarillal
cascarillero
cascarillina
cascarillo
cascarita
cascarrabias
cascarria
cascarrina
cascarrinada
cascarrinar
cascarrioso
cascarrojas
cascarrón
cascarudo
cascaruja
cascaruleta
cascarón
cascatreguas
casco
cascol
cascolitro
cascorvo
cascote
cascudo
cascué
cascás
caseación
caseico
caseificación
caseificar
caseoso
casera
caseramente
caserillo
caserna
casero
casería
caserío
caserón
caseta
casete
casetera
casetero
caseto
casetón
caseína
casi
casia
casida
casidulina
casilla
casiller
casillero
casimba
casimir
casimira
casimpulga
casina
casineta
casinete
casinita
casino
casiopiri
casis
casiterita
casmodia
caso
casona
casorio
caspa
caspera
caspia
caspicias
caspio
caspiroleta
caspolino
casposo
casquero
casquería
casquetada
casquetazo
casquete
casquiacopado
casquiblando
casquiderramado
casquijo
casquilla
casquillo
casquilucio
casquimuleño
casquite
casquivano
casta
castalio
castaña
castañal
castañar
castañazo
castañear
castañedo
castañero
castañeta
castañetada
castañetazo
castañete
castañeteado
castañetear
castañeteo
castaño
castañola
castañuela
castañuelo
castel
castellana
castellanamente
castellanidad
castellanismo
castellanización
castellanizar
castellano
castellanohablante
castellanoleonés
castellanomanchego
castellanía
castellar
castellero
castellonense
casticidad
casticismo
casticista
castidad
castigación
castigadamente
castigadera
castigador
castigar
castigo
castilla
castillado
castillaje
castillejo
castillero
castillería
castillete
castillo
castimonia
castina
casting
castizamente
castizo
casto
castor
castora
castorcillo
castoreño
castorina
castorio
castra
castración
castradera
castrado
castrador
castradura
castrametación
castrapuercas
castrapuercos
castrar
castrazón
castrense
castreño
castrino
castrismo
castrista
castro
castrón
castuga
castálidas
castóreo
castúo
casual
casualidad
casualismo
casualista
casualmente
casuariforme
casuarina
casuarináceo
casuario
casuca
casucha
casucho
casuismo
casuista
casulla
casullero
casuárido
casuístico
casón
cata
catabejas
catabolismo
catabre
catabro
catabólico
catacaldos
catachín
cataclismo
catacresis
catacumbas
catadióptrico
catador
catadura
catafalco
catafórico
catalanidad
catalanismo
catalanista
catalanohablante
cataldo
catalejo
catalepsia
catalicores
catalicón
catalina
catalineta
catalizador
catalizar
catalnica
catalogación
catalogador
catalogar
catalpa
catalufa
cataluja
catalán
cataláunico
cataléctico
cataléptico
catalítico
catamarqueño
catamarán
catamenial
catamiento
catana
catanga
cataplasma
cataplexia
cataplum
catapulta
catapultar
catapum
catapún
catar
catarata
cataraña
catarinita
catarral
catarribera
catarrino
catarro
catarroso
catarrufín
catarsis
catartiforme
catasalsas
catascopio
catasta
catastral
catastro
catastrofismo
catastrofista
catastrófico
catatar
catatipia
catatonía
catatumba
cataubas
catauro
cataviento
catavino
catavinos
cate
cateada
cateador
catear
catecismo
catecumenado
catecumenia
catecú
catecúmeno
catedral
catedralicio
catedralidad
catedrar
catedrilla
catedrático
categorema
categoremático
categorismo
categorización
categorizar
categoría
categóricamente
categórico
catela
catenular
cateo
catequesis
catequismo
catequista
catequización
catequizador
catequizar
catequético
catequístico
cateramba
catering
caterva
catervarios
caterético
catete
cateterismo
cateto
catetómetro
catey
cateya
catibia
catibo
catibía
catifa
catiguá
catilinaria
catimbao
catimía
catinga
catingoso
catingudo
catino
catire
catirrino
catita
catite
cativar
cativo
cativí
catión
catleya
cato
catodonte
catolicidad
catolicismo
catolicón
catolizar
catoniano
catonismo
catonizar
catoptromancia
catoptromancía
catoptroscopia
catoquita
catorce
catorceavo
catorceno
catorrazo
catorzal
catorzavo
catos
catracho
catre
catrecillo
catricofre
catrín
caturra
catáfora
catálisis
catálogo
catán
catártico
catástasis
catástrofe
catéresis
catéter
catín
catódico
católicamente
católico
catón
catóptrico
cauba
cauca
caucano
caucasiano
caucau
cauce
caucel
caucense
caucha
cauchal
cauchar
cauchau
cauchero
cauchil
caucho
cauchotina
caucionar
caucionero
caución
caucos
caucáseo
caucásico
caucáu
cauda
caudado
caudal
caudalosamente
caudaloso
caudatario
caudato
caudatrémula
caudillaje
caudillismo
caudillo
caudimano
caudino
caudímano
caudón
caujazo
cauje
caula
caulescente
cauliforme
caulinar
caulote
caulícolo
caulículo
caulífero
cauno
cauque
cauquenino
cauquén
cauri
cauriense
cauro
causa
causador
causahabiente
causal
causalidad
causante
causar
causativo
causear
causeta
causticar
causticidad
causídico
causón
cautela
cautelar
cauteloso
cauterio
cauterización
cauterizador
cauterizar
cautivador
cautivar
cautiverio
cautividad
cautivo
cauto
cautín
cauz
cauza
cava
cavacote
cavada
cavadizo
cavado
cavador
cavadura
cavalillo
cavanillero
cavar
cavaria
cavaril
cavaros
cavatina
cavazón
cavedio
caverna
cavernario
cavernidad
cavernosidad
cavernoso
cavernícola
cavero
caveto
cavia
cavial
caviar
cavicornio
cavidad
cavilación
cavilar
cavilo
cavilosamente
cavilosidad
caviloso
cavitación
cavo
caván
caví
cavío
cavón
cay
caya
cayada
cayadilla
cayado
cayajabo
cayama
cayana
cayanco
cayapa
cayapear
cayapona
cayapós
cayarí
cayaya
cayena
cayente
cayeputi
cayetés
cayo
cayota
cayote
cayuco
cayuela
cayá
cayán
caz
caza
cazabe
cazabombardero
cazaclavos
cazadero
cazado
cazador
cazadotes
cazalla
cazallero
cazar
cazarete
cazarra
cazarrica
cazarro
cazata
cazatalentos
cazatorpedero
cazcalear
cazcarria
cazcarriento
cazcarrioso
cazcorvo
cazo
cazolada
cazoleja
cazolero
cazoleta
cazoletear
cazoletero
cazonal
cazonete
cazorría
cazudo
cazuela
cazumbrar
cazumbre
cazumbrón
cazurrear
cazurrería
cazurro
cazurría
cazuz
cazón
caí
caíble
caíd
caído
caña
cañabota
cañabrava
cañacoro
cañada
cañadilla
cañado
cañaduz
cañaduzal
cañadón
cañafístola
cañafístula
cañaheja
cañaherla
cañahuatal
cañahuate
cañahueca
cañajelga
cañal
cañaliega
cañamar
cañamazo
cañamelar
cañamero
cañameño
cañamiel
cañamiza
cañamonado
cañamoncillo
cañamonero
cañamón
cañar
cañareja
cañarejo
cañarense
cañariega
cañariego
cañarroya
cañarí
cañavera
cañaveral
cañaverear
cañaverero
cañaverería
cañazo
cañaílla
cañear
cañedo
cañengo
cañeo
cañera
cañerla
cañero
cañería
cañeta
cañetano
cañete
cañiceras
cañifla
cañiherla
cañihua
cañihueco
cañilavado
cañilero
cañillera
cañinque
cañirla
cañista
cañita
cañivano
cañivete
cañiza
cañizal
cañizar
cañizo
caño
cañocal
cañocazo
cañonazo
cañonear
cañoneo
cañonera
cañonero
cañonería
cañota
cañucela
cañuela
cañutazo
cañutero
cañutería
cañutillo
cañuto
cañí
cañón
caótico
ce
cea
ceaja
ceajo
ceanoto
cearina
ceba
cebada
cebadal
cebadar
cebadazo
cebadera
cebadero
cebadería
cebadilla
cebado
cebador
cebadura
cebar
cebellina
cebera
cebero
cebiche
cebil
cebipero
cebique
cebo
cebolla
cebollada
cebollana
cebollar
cebollero
cebolleta
cebollino
cebolludo
cebollón
ceborrincha
cebra
cebrado
cebratana
cebrión
cebro
cebruno
cebtí
cebuano
ceburro
cebón
cebú
ceca
cecal
ceceante
cecear
ceceo
ceceoso
cechero
cecial
cecias
cecidia
cecina
cecinar
ceción
cecografía
cecuciente
cecógrafo
ceda
cedacear
cedacero
cedacería
cedacillo
cedazo
ceder
cedicio
cedilla
cedizo
cedo
cedoaria
cedras
cedreleón
cedreno
cedria
cedrino
cedrito
cedro
cedróleo
cedrón
cedulaje
cedular
cedulario
cedulón
cefalalgia
cefalea
cefalitis
cefalorraquídeo
cefalotórax
cefalálgico
cefalópodo
cefea
cefear
cefo
cefrado
cefálico
cegado
cegador
cegajear
cegajez
cegajo
cegajoso
cegama
cegamiento
cegar
cegarra
cegarrita
cegatero
cegato
cegatoso
cegatón
cegesimal
cegua
ceguecillo
ceguedad
ceguera
ceiba
ceibal
ceibo
ceibón
ceilán
ceisatita
ceja
cejadero
cejador
cejar
ceje
cejijunto
cejilla
cejo
cejudo
cejuela
cejunto
cejá
cela
celada
celadamente
celado
celador
celaduría
celadón
celaje
celajería
celambre
celante
celar
celastro
celastráceo
celastríneo
celda
celdilla
celdrana
cele
celebración
celebrado
celebrador
celebrante
celebrar
celebrero
celebridad
celebro
celebérrimo
celedón
celeminada
celeminear
celeminero
celemín
celentéreo
celeque
celera
celerado
celeridad
celescopio
celesta
celeste
celestial
celestialmente
celestina
celestinazgo
celestinear
celestinesco
celestino
celestre
celfo
celia
celiaco
celibato
celidonia
celidueña
celinda
celindrate
cella
cellar
cellenco
cellerizo
cellisca
cellisquear
cello
celo
celofán
celoidina
celoma
celomado
celomático
celosa
celosamente
celoso
celosía
celotipia
celsitud
celta
celtiberio
celtibero
celtibérico
celtismo
celtista
celtohispano
celtohispánico
celtolatino
celtíbero
celtídeo
celulado
celular
celulario
celulita
celulitis
celuloide
celulosa
celulósico
celán
celíaco
celícola
cembo
cembrio
cementación
cementante
cementar
cementerial
cementerio
cementero
cemento
cementoso
cemita
cempasúchil
cena
cenacho
cenadero
cenado
cenador
cenaduría
cenaga
cenagal
cenagar
cenagoso
cenal
cenaoscuras
cenar
cenata
cenca
cencapa
cencellada
cencero
cencerra
cencerrada
cencerrado
cencerrear
cencerreo
cencerril
cencerrillas
cencerro
cencerrón
cenceñada
cenceño
cencha
cencido
cencio
cencivera
cenco
cencuate
cencío
cendal
cendalí
cendolilla
cendra
cendrada
cendradilla
cendrado
cendrar
cendrazo
cenefa
cenegar
ceneque
cenero
cenestesia
cenestésico
cenete
cenhegí
cenia
cenicense
cenicerense
cenicero
cenicienta
ceniciento
cenicilla
cenit
cenital
ceniza
cenizal
cenizo
cenizoso
cenobial
cenobio
cenobita
cenobitismo
cenobítico
cenojil
cenopegias
cenoso
cenotafio
cenote
cenozoico
censal
censalista
censar
censatario
censista
censo
censor
censorino
censorio
censual
censualista
censuario
censura
censurable
censurador
censurar
censurista
centalla
centaura
centaurea
centauro
centavo
centella
centellador
centellar
centelleante
centellear
centelleo
centellón
centena
centenada
centenal
centenar
centenario
centenaza
centenero
centenilla
centeno
centenoso
centesimal
centigramo
centilitro
centillero
centiloquio
centimano
centinela
centinodia
centiplicado
centipondio
centiárea
centola
centolla
centollo
centonar
centrado
central
centralidad
centralismo
centralista
centralita
centralización
centralizado
centralizador
centralizar
centrar
centrarco
centrifugación
centrifugado
centrifugador
centrifugar
centrina
centris
centrisco
centrismo
centrista
centro
centroafricano
centroamericano
centrobárico
centrocampista
centroeuropeo
centrífuga
centrífugo
centrípeto
centunviral
centunvirato
centunviro
centuplicar
centuria
centurionazgo
centurión
centén
centésimo
centígrado
centímano
centímetro
centón
cenuro
cenutrio
cenzalino
cenzaya
cenzayo
cenzonte
cenzontle
cenáculo
cení
cenícero
cenízaro
ceo
cepa
cepadgo
cepazo
cepeda
cepejón
cepellón
cepera
cepilladura
cepillar
cepillo
cepita
cepo
cepola
ceporrez
ceporro
cepote
ceprén
ceptí
cequeta
cequia
cequiaje
cequión
cequí
cera
ceracate
cerafolio
ceragallo
ceramista
ceramita
cerapez
cerasiote
cerasita
cerasta
cerastas
ceraste
cerastes
cerate
ceratias
cerato
ceraunia
ceraunomancia
ceraunomancía
ceraunómetro
ceraza
cerbas
cerbatana
cerbelo
cerbero
cerbillera
cerca
cercado
cercador
cercadura
cercamiento
cercanamente
cercandanza
cercano
cercanía
cercar
cercaria
cercear
cercen
cercenadamente
cercenador
cercenadura
cercenamiento
cercenar
cercera
cerceta
cercha
cerchar
cerchearse
cerchón
cercillo
cerciorar
cerco
cercopiteco
cercote
cercén
cerda
cerdada
cerdamen
cerdear
cerdo
cerdoso
cerdudo
cereal
cerealista
cerebelo
cerebración
cerebral
cerebralismo
cerebrina
cerebro
cerebroespinal
cereceda
cerecilla
ceremonia
ceremonial
ceremoniero
ceremonioso
ceremoniático
cerero
cerería
ceresina
ceretano
cerevisina
cereza
cerezal
cerezo
cereño
ceriballo
ceribón
ceriflor
cerilla
cerillero
cerillo
cerina
cerio
ceriolario
ceriondo
cerita
cerito
cermeña
cermeño
cerna
cernada
cernadero
cernaja
cerne
cernear
cernedera
cernedero
cernedor
cerneja
cernejudo
cerner
cernera
cernidero
cernidillo
cernido
cernidura
cernir
cerno
cernícalo
cero
ceroferario
ceroleína
cerollo
ceroma
ceromancia
ceromancía
ceromiel
ceromático
ceronero
ceroplástica
cerorrinco
ceroso
cerote
cerotear
cerotero
ceroto
cerpa
cerquillo
cerquita
cerra
cerracatín
cerrada
cerradamente
cerradero
cerradizo
cerrado
cerrador
cerradura
cerraja
cerrajear
cerrajerillo
cerrajero
cerrajería
cerrajón
cerralle
cerramiento
cerrar
cerras
cerrateño
cerrazón
cerrebojar
cerrejón
cerrero
cerrería
cerreta
cerretano
cerrevedijón
cerrica
cerril
cerrilidad
cerrilismo
cerrilla
cerrillada
cerrillar
cerrillo
cerrilmente
cerristopa
cerrión
cerro
cerrojazo
cerrojillo
cerrojito
cerrojo
cerrotino
cerruma
cerrón
certamen
certeneja
certero
certería
certeza
certidumbre
certificable
certificación
certificadamente
certificado
certificador
certificar
certificatorio
certinidad
certitud
certísimo
ceruca
cerulina
ceruma
cerumen
cerusa
cerusita
cerval
cervantesco
cervantino
cervantismo
cervantista
cervantófilo
cervariense
cervario
cervatica
cervatillo
cervato
cerveceo
cervecero
cervecería
cerverano
cerveza
cervicabra
cervical
cervicular
cervigudo
cerviguillo
cervigón
cervino
cerviz
cervuno
cervántico
cerámico
cerástide
cerífero
cerífica
cerógrafo
cerón
cerúleo
cesación
cesamiento
cesante
cesantía
cesar
cesaraugustano
cesarense
cesariano
cesariense
cesarino
cesarismo
cesarista
cese
cesenés
cesible
cesio
cesionario
cesionista
cesión
cesolfaút
cesonario
cespedera
cespitar
cespitoso
cesta
cestada
cestaño
cestero
cestería
cestiario
cesto
cestodo
cestonada
cestón
cesura
cesárea
cesáreo
cetaria
cetario
cetil
cetilo
cetina
cetme
cetonia
cetosis
cetra
cetrarina
cetre
cetrero
cetrería
cetrino
cetro
cetáceo
cetárea
cetís
ceutí
ceviche
ceática
ceñar
ceñida
ceñideras
ceñidero
ceñido
ceñidor
ceñidura
ceñiglo
ceñimiento
ceñir
ceño
ceñoso
ceñudo
ch
cha
chabacanada
chabacanería
chabacano
chabisque
chabola
chabolismo
chabolista
chaca
chacal
chacalín
chacana
chacarera
chacarero
chacarería
chacarona
chacarrachaca
chacha
chachachá
chachacoma
chachafruto
chachaguato
chachajo
chachal
chachalaca
chachalaquear
chachapoyano
chacharear
chacharero
chacharón
chachay
chachi
chacho
chachá
chacina
chacinero
chacinería
chaco
chacolotear
chacoloteo
chacolí
chacona
chaconada
chaconero
chacota
chacotear
chacoteo
chacotero
chacra
chacuaco
chacualear
chacó
chacón
chadiano
chafaldete
chafaldita
chafalditero
chafallada
chafallar
chafallo
chafallón
chafalmejas
chafalonía
chafandín
chafar
chafariz
chafarota
chafarotazo
chafarote
chafarraño
chafarrinada
chafarrinar
chafarrinón
chafarrocas
chafirete
chaflanar
chaflán
chagolla
chagra
chagrillo
chagual
chaguala
chagualo
chagualón
chaguar
chaguarama
chaguaramo
chagüite
chahuiscle
chai
chaima
chaira
chairo
chajuanado
chajuán
chajá
chal
chala
chalaco
chalado
chaladura
chalala
chalana
chalanear
chalaneo
chalanería
chalanesco
chalar
chalateco
chalaza
chalazión
chalcha
chalchal
chalchihuite
chale
chaleco
chalequero
chalet
chalina
challapateño
challar
challulla
chalona
chalota
chalote
chalupa
chalán
chalé
chalón
chama
chamaco
chamada
chamagoso
chamagua
chamal
chamanismo
chamanto
chamanístico
chamar
chamarasca
chamarilear
chamarileo
chamarilero
chamarilería
chamarillero
chamarillón
chamariz
chamarra
chamarreta
chamarro
chamarón
chamba
chambaril
chambear
chambel
chambelán
chambergo
chamberguilla
chambilla
chambismo
chambonada
chambonear
chambra
chambrana
chambre
chambuque
chamburo
chambón
chamelador
chamelar
chamelo
chamelote
chamelotón
chamerluco
chamicado
chamicero
chamico
chamillo
chamiza
chamizo
chamorra
chamorrar
chamorro
champa
champar
champaña
champañazo
champear
champiñón
champola
champudo
champurrado
champurrar
champuz
champán
champú
champús
chamuchina
chamullar
chamurrar
chamusca
chamuscado
chamuscar
chamusco
chamusquina
chamán
chan
chana
chanada
chanca
chancaca
chancacazo
chancadora
chancaquita
chancar
chancay
chance
chancear
chancero
chancha
chanchada
chanchero
chanchería
chanchi
chancho
chanchullar
chanchullero
chanchullo
chanciller
chancillería
chancla
chancleta
chancletear
chancleteo
chancletero
chancletudo
chanclo
chanco
chancro
chancuco
chancón
chanda
chandal
chandoso
chane
chanelar
chanfaina
chanfla
chanfle
chanflear
chanflón
changa
changador
changallo
changar
changarra
changarro
changarín
changle
chango
changoneta
changuear
changuería
changurro
changó
changüí
chano
chanquear
chanquete
chantado
chantaje
chantajear
chantajista
chantar
chantillí
chantillón
chanto
chantre
chantría
chanza
chanzoneta
chanzonetero
chaná
chao
chaola
chapa
chapadamente
chapado
chapalear
chapaleo
chapaleta
chapaletear
chapaleteo
chapandongo
chapapote
chapar
chaparra
chaparrada
chaparral
chaparrazo
chaparrear
chaparreras
chaparrete
chaparro
chaparrudo
chaparrón
chapatal
chape
chapeado
chapeador
chapear
chapeca
chapecar
chapel
chapela
chapelo
chapeo
chapera
chapero
chaperonado
chapería
chaperón
chapeta
chapeteado
chapetonada
chapetón
chapia
chapico
chapinada
chapinazo
chapinero
chapinería
chapinete
chapingorro
chapinismo
chapinizarse
chapirón
chapisca
chapista
chapistería
chapitel
chaple
chapo
chapodar
chapodo
chapola
chapona
chapopote
chapoteadero
chapotear
chapoteo
chapucear
chapucero
chapucería
chapul
chapullar
chapulín
chapurrado
chapurrar
chapurrear
chapurreo
chapuz
chapuza
chapuzar
chapuzas
chapuzón
chapín
chapó
chapón
chaqueta
chaquete
chaquetear
chaqueteo
chaquetero
chaquetilla
chaquetón
chaqueño
chaqui
chaquira
chaqué
charabasca
charabán
charada
charal
charamada
charamasca
charambita
charamita
charamusca
charanga
charango
charanguero
charapa
charape
charata
charca
charcal
charcas
charcha
charco
charcutero
charcutería
charcón
charla
charlador
charladuría
charlar
charlatanear
charlatanería
charlatanismo
charlatán
charlear
charlestón
charlista
charlo
charlotada
charlotear
charloteo
charlón
charneca
charnecal
charnego
charnela
charneta
charol
charola
charolado
charolar
charolista
charpa
charque
charquear
charquetal
charqui
charquicán
charra
charrada
charral
charranada
charrancito
charranear
charranería
charrar
charrasca
charrasco
charrasquear
charreada
charrería
charrete
charretera
charriote
charro
charrán
charrúa
chartreuse
chas
chasca
chascada
chascar
chascarrillo
chascarro
chasco
chasconear
chascudo
chascá
chascás
chascón
chasis
chaspar
chaspe
chaspear
chasponazo
chasque
chasqueador
chasquear
chasquero
chasqui
chasquido
chasquilla
chasís
chata
chatarra
chatarrear
chatarrero
chatarrería
chatear
chatedad
chateo
chatino
chato
chatria
chatungo
chatura
chatón
chau
chaucha
chauche
chauchera
chauvinismo
chauvinista
chauz
chaval
chavar
chavarí
chavasca
chavea
chavería
chaveta
chavetear
chavo
chavola
chavó
chaya
chayar
chayo
chayote
chayotera
chaza
chazador
chazar
chazo
chañar
chaúl
che
checa
cheche
checo
checoeslovaco
checoslovaco
chef
cheira
cheje
chele
cheli
chelo
cheloso
chelín
chenca
chepa
chepe
chepica
chepo
cheposo
chepudo
cheque
chequear
chequeo
chequera
chequén
cheral
chercha
cherchar
chercán
cherkesa
cherlicrés
cherna
cherne
chero
cherriar
cherrión
cherva
cheso
cheurón
cheuto
cheviot
chevió
cheyene
chiapaneco
chiar
chibalete
chibcha
chibolo
chiborra
chibuquí
chic
chica
chicada
chicalote
chicalé
chicana
chicanear
chicanero
chicano
chicarrero
chicarro
chicarrón
chicha
chicharra
chicharrar
chicharrear
chicharrera
chicharrero
chicharrina
chicharro
chicharrón
chiche
chichear
chicheo
chichera
chichero
chichería
chichi
chichicaste
chichicastle
chichicuilote
chichigua
chichilasa
chichilo
chichiltote
chichimeco
chichina
chichinabo
chichisbeo
chichito
chichitote
chicho
chichonera
chichota
chichote
chichurro
chichón
chiclanero
chiclano
chiclayano
chicle
chiclear
chiclero
chicloso
chiclán
chico
chicoco
chicolear
chicoleo
chicoria
chicoriáceo
chicorro
chicorrotín
chicotazo
chicote
chicotear
chicozapote
chicuelina
chicura
chifa
chifla
chifladera
chiflado
chifladura
chiflar
chiflato
chifle
chifleta
chiflete
chiflido
chiflo
chiflón
chigre
chigrero
chigua
chigüil
chigüí
chigüín
chihuahua
chihuahuense
chihuahueño
chijete
chilaba
chilacayote
chilacoa
chilanco
chilango
chilaquila
chilaquiles
chilar
chilate
chilatole
chilca
chilchote
chilco
chile
chilenismo
chileno
chilero
chilillo
chilindrina
chilindrinero
chilindrón
chilla
chillado
chillador
chillanense
chillar
chillera
chillería
chillido
chillo
chillón
chilmole
chilmolero
chilostra
chilote
chilpancingueño
chilpayate
chilpe
chilposo
chiltepe
chiltipiquín
chiltota
chiltote
chiltuca
chimalteco
chimango
chimar
chimba
chimbador
chimbo
chimboracense
chimenea
chimichaca
chimichurri
chiminango
chimiscolear
chimiscolero
chimpancé
chimpinilla
chimuelo
chimó
chin
china
chinaca
chinacate
chinaco
chinama
chinamo
chinampa
chinampero
chinandegano
chinapo
chinar
chinarral
chinarro
chinaste
chinastear
chinata
chinateado
chinazo
chincalé
chincha
chinchal
chinchar
chincharrazo
chincharrero
chinchayote
chinche
chinchel
chinchemolle
chinchero
chincheta
chinchilla
chinchimén
chinchinear
chinchintor
chinchona
chinchorrear
chinchorrero
chinchorrería
chinchorro
chinchoso
chinchulín
chinchurria
chinchín
chinchón
chincol
chinda
chinear
chinela
chinelazo
chineo
chinero
chinesco
chinga
chingado
chingana
chingar
chingaste
chinglar
chingo
chingolingo
chingolo
chingua
chingue
chinguear
chinguero
chinguirito
chino
chiné
chip
chipa
chipe
chipiar
chipichape
chipichipi
chipile
chipilo
chipilín
chipirón
chipojear
chipojo
chipolo
chipote
chipotle
chipriota
chipriote
chipuste
chipá
chipé
chipén
chiqueadores
chiquear
chiqueo
chiquero
chiquichanca
chiquichaque
chiquigüite
chiquihuite
chiquilicuatro
chiquillada
chiquillería
chiquillo
chiquilín
chiquimulteco
chiquirritico
chiquirritín
chiquirín
chiquito
chiquitín
chira
chirajo
chirapa
chirca
chircal
chircate
chiri
chiribico
chiribita
chiribital
chiribitil
chiricano
chiricaya
chiricote
chirigota
chirigotear
chirigotero
chiriguano
chiriguare
chirigüe
chirimbolo
chirimiri
chirimoya
chirimoyo
chirimía
chirinada
chiringo
chiringuito
chirinola
chiripa
chiripazo
chiripear
chiripero
chiripá
chirivisco
chirivía
chirivín
chirla
chirlador
chirlar
chirlata
chirlatar
chirlazo
chirle
chirlear
chirlería
chirlido
chirlo
chirlomirlo
chirmol
chirmoloso
chirola
chirona
chirote
chirotear
chirpia
chirpial
chirraca
chirre
chirreador
chirrear
chirreo
chirriadero
chirriado
chirriador
chirriante
chirriar
chirrichote
chirrido
chirrionero
chirrisco
chirrisquear
chirrión
chirula
chirulí
chirumba
chirumbela
chirumen
chirusa
chiruza
chirís
chis
chisa
chiscar
chiscarra
chischil
chischás
chischís
chiscón
chisgarabís
chisgua
chisguete
chislama
chisma
chismar
chisme
chismear
chismero
chismería
chismografía
chismorrear
chismorreo
chismorrería
chismosa
chismosear
chismoso
chismotear
chismoteo
chispa
chispazo
chispeante
chispear
chispero
chispo
chispoleto
chisporrotear
chisporroteo
chisposo
chisque
chisquero
chist
chistar
chistata
chiste
chistera
chistorra
chistosamente
chistoso
chistu
chistulari
chita
chitar
chite
chiticalla
chiticallando
chito
chiton
chitreano
chitón
chiva
chivado
chival
chivar
chivarra
chivarro
chivata
chivatada
chivatazo
chivatear
chivateo
chivato
chivaza
chivear
chivero
chiveta
chivetero
chivichana
chivillo
chivital
chivitero
chivitil
chivo
chivudo
chivón
chiza
chií
chiísmo
chiíta
cho
choapino
choba
choca
chocador
chocallero
chocallo
chocante
chocantería
chocar
chocarrear
chocarrero
chocarrería
chocha
chochaperdiz
chochar
chochear
chochera
chochero
chochez
chocho
chochocol
chochín
choclar
choclo
choclotanda
choclón
choco
chocoano
chocoe
chocolate
chocolatera
chocolatero
chocolatería
chocolatina
chocolatín
chocoyo
chocá
chocó
chofe
chofer
chofeta
chofista
chojín
chola
cholco
cholear
cholenco
cholero
cholga
cholgua
cholla
chollar
chollo
chollón
cholo
choloque
cholotón
cholulteco
cholutecano
chomba
chombo
chompa
chompipe
choncholí
chonela
chonete
chongo
chonguearse
chonguenga
chonta
chontaduro
chontal
chontaleño
chopa
chopal
chopalera
chopazo
chope
chopear
choped
chopera
chopo
choque
choquezuela
chorar
chorato
chorbo
chorcha
chorchero
chordón
chorear
choreo
choreto
chori
choricear
choriceo
choricera
choricero
choricería
chorizada
chorizar
chorizo
chorla
chorlitejo
chorlito
chorlo
choro
chorote
chorotega
choroy
chorra
chorrada
chorreado
chorreadura
chorrear
chorreo
chorrera
chorretada
chorretón
chorreón
chorrillo
chorro
chorroborro
chorrón
chortal
chospar
chota
chotacabras
chotar
chote
chotear
choteo
chotería
chotis
choto
chotuno
chova
chovinismo
chovinista
choya
choyudo
choz
choza
chozno
chozo
chozpar
chozpo
chozpón
christmas
chubascada
chubasco
chubasquero
chubasquería
chubesqui
chubutense
chuca
chucanear
chucao
chucero
chucha
chuchanga
chuchango
chuchar
chuchazo
chuchear
chuchero
chuchería
chuchito
chucho
chuchoca
chuchumeco
chuchurrido
chuco
chucua
chucuri
chucuto
chueca
chueco
chueta
chufa
chufar
chufero
chufería
chufeta
chufla
chuflar
chuflay
chufleta
chufletear
chufletero
chuflido
chuica
chuico
chula
chulada
chulapo
chulear
chulería
chulesco
chuleta
chulillo
chulla
chullo
chulo
chulunco
chulé
chulón
chumacera
chumbe
chumbera
chumbimba
chumbimbo
chumbo
chuminada
chumpa
chumpipe
chuna
chuncha
chuncho
chunchucuyo
chunchules
chungo
chunguearse
chungueo
chungón
chupa
chupacirios
chupada
chupadero
chupado
chupador
chupadura
chupaflor
chupalandero
chupalla
chupalámparas
chupamirto
chupapiedras
chupar
chuparrosa
chupatintas
chupativo
chupe
chuperretear
chuperreteo
chupeta
chupete
chupetear
chupeteo
chupetilla
chupetín
chupetón
chupilca
chupinazo
chupito
chupo
chupín
chupón
chupóptero
chuquiragua
chuquisa
chuquisaqueño
churana
churcha
churco
churdón
churero
churla
churlo
churo
churra
churrar
churrascar
churrasco
churrasquear
churre
churrero
churrería
churretada
churrete
churretear
churretoso
churri
churria
churriana
churriburri
churriento
churrigueresco
churriguerismo
churriguerista
churrinche
churritar
churro
churroso
churrullero
churrupear
churruscar
churrusco
churuata
churuco
churumbel
churumbela
churumen
churumo
chus
chusbarba
chuscada
chuscamente
chusco
chusma
chusmaje
chuspa
chusque
chusquel
chusquero
chut
chutar
chute
chuto
chuva
chuyo
chuz
chuza
chuzar
chuzazo
chuznieto
chuzo
chuzonada
chuzonería
chuzón
chuña
chuño
chácara
chácena
cháchara
cháguar
cháhuar
chámara
cháncharras
chándal
chápiro
chárter
chépica
chéster
chévere
chía
chícharo
chícora
chícura
chínguere
chócolo
chófer
chúcaro
ciaboga
ciabogar
cian
cianato
cianea
cianhídrico
cianita
cianosis
cianuro
cianí
cianógeno
cianótico
ciar
ciato
cibaje
cibal
cibarcos
cibario
cibdad
cibdadano
cibeleo
cibelina
cibera
ciberespacio
cibernauta
cibernética
cibernético
cibi
cibiaca
cibica
cibicón
cibo
ciborio
cibucán
cica
cicadáceas
cicalar
cicatear
cicatero
cicatería
cicatricial
cicatriz
cicatrización
cicatrizal
cicatrizante
cicatrizar
cicatrizativo
cicca
cicercha
cicerone
ciceroniano
cicerón
cicindela
cicindélido
cición
ciclada
ciclamen
ciclamino
ciclamor
ciclar
ciclatón
ciclismo
ciclista
ciclo
ciclohexano
cicloidal
cicloide
cicloideo
ciclomotor
ciclonal
ciclope
ciclorama
ciclostil
ciclostilo
ciclostoma
ciclotimia
ciclotrón
ciclotímico
ciclán
ciclístico
ciclón
ciclónico
ciclópeo
ciclópico
ciclóstoma
ciclóstomo
ciconiforme
cicoria
cicuta
cicutina
cicádeo
cicádido
cicércula
cid
cidiano
cidra
cidrada
cidral
cidrayota
cidrera
cidria
cidro
cidronela
cieca
ciegamente
ciegayernos
ciego
cielito
cielo
ciemo
ciempiés
cien
ciencia
cienfueguero
cienmillonésimo
cienmilmillonésimo
cienmilésimo
cienmilímetro
cieno
cienoso
ciensayos
cientanal
ciente
cientificidad
cientificismo
cientificista
ciento
cientopiés
científicamente
científico
cierna
cierne
cierrapuertas
cierre
cierro
ciertamente
cierto
cierva
ciervo
cierzas
cierzo
cifaque
cifela
cifosis
cifra
cifradamente
cifrado
cifrar
cigala
cigallo
cigarra
cigarral
cigarralero
cigarrera
cigarrero
cigarrería
cigarrillo
cigarro
cigarrón
cigofiláceo
cigofíleo
cigomático
cigoto
cigoñal
cigoñino
cigoñuela
cigua
ciguanaba
ciguapa
ciguapate
ciguaraya
ciguatarse
ciguatera
ciguato
ciguete
cigüete
cigüeña
cigüeñal
cigüeñato
cigüeño
cigüeñuela
cija
cilampa
cilanco
cilantro
ciliado
ciliar
cilicio
cilindrada
cilindrado
cilindradora
cilindrar
cilindro
cilindroeje
cilio
cilla
cillazgo
cillerero
cilleriza
cillerizo
cillero
cillería
cilíndrico
cima
cimacio
cimar
cimarra
cimarronada
cimarrón
cimate
cimba
cimbado
cimbalaria
cimbalero
cimbalillo
cimbalista
cimbanillo
cimbel
cimblar
cimboga
cimborio
cimborrio
cimbra
cimbrado
cimbrador
cimbrar
cimbre
cimbreante
cimbrear
cimbreo
cimbreño
cimbria
cimbrio
cimbro
cimbronazo
cimbrón
cimentación
cimentado
cimentador
cimental
cimentar
cimentera
cimenterio
cimento
cimera
cimerio
cimero
cimia
cimicaria
cimiento
cimillo
cimitarra
cimofana
cimorro
cimpa
cina
cinabrio
cinacina
cinamomo
cinarra
cinc
cinca
cincado
cincel
cincelado
cincelador
cinceladura
cincelar
cincha
cinchacear
cinchado
cinchadura
cinchar
cinchazo
cinchera
cincho
cinchuela
cinchuelo
cinchón
cinco
cincoañal
cincoenrama
cincograbado
cincografía
cincomesino
cincona
cinconegritos
cincuenta
cincuentaina
cincuentavo
cincuentañal
cincuentena
cincuentenario
cincuenteno
cincuentén
cincuentín
cincuentón
cincuesma
cine
cineasta
cineclub
cinefilia
cinegético
cinema
cinemascope
cinemateca
cinematografiar
cinematografía
cinematográfico
cinematógrafo
cineración
cinerama
cinerario
cinericio
cinesiterapia
cinestesia
cingalés
cingiberáceo
cinglado
cinglar
cingleta
cinia
cinismo
cinocéfalo
cinoglosa
cinqueno
cinquero
cinqueño
cinquillo
cinquina
cinquino
cinquén
cinta
cintadero
cintagorda
cintajo
cintar
cintarazo
cintarear
cinteado
cintero
cintería
cinteta
cintilar
cintillo
cinto
cintra
cintrado
cintrel
cintroniguero
cintura
cinturica
cinturilla
cinturita
cinturón
cinzaya
cinzolín
cinámico
cinéfilo
cinéreo
cinésica
cinético
cipariso
cipayo
cipe
cipera
ciperáceo
cipión
cipo
cipolino
cipotada
cipotazo
cipote
cipotero
cipotón
cipresal
cipresillo
cipresino
ciprino
ciprio
cipriota
ciprés
ciquibaile
ciquiricata
ciquitraque
ciquitroque
cirate
circa
circadiano
circasiano
circe
circense
circo
circona
circonio
circuición
circuir
circuito
circulación
circulante
circular
circularmente
circulatorio
circumcirca
circumincesión
circumpolar
circuncidar
circuncisión
circunciso
circundante
circundar
circunferencia
circunferencial
circunferencialmente
circunferente
circunferir
circunflejo
circunfuso
circunlocución
circunloquio
circunnavegación
circunnavegar
circunscribir
circunscripción
circunscripto
circunscrito
circunsolar
circunspección
circunspecto
circunstancia
circunstanciadamente
circunstanciado
circunstancial
circunstanciar
circunstante
circunvalación
circunvalar
circunvecino
circunvenir
circunvolar
circunvolución
circunyacente
circón
cirenaico
cireneo
cirial
cirigallo
cirigaña
cirineo
cirio
cirolero
cirquero
cirro
cirrosis
cirroso
cirrípedo
cirrópodo
cirrótico
ciruela
ciruelillo
ciruelo
cirugía
cirujano
cirílico
cisalpino
cisandino
cisca
ciscar
cisco
ciscón
cisión
cisma
cismar
cismontano
cismáticamente
cismático
cisne
cisneriense
cisoria
cispadano
cisquera
cisquero
cista
cisterciense
cisterna
cisticerco
cisticercosis
cistina
cistitis
cistoscopia
cistoscopio
cistotomía
cistáceo
cistíneo
cisura
cisípedo
cita
citación
citador
citania
citano
citar
citara
citaredo
citarilla
citarista
citarizar
citarón
citatorio
citereo
citerior
cito
citocinesis
citodiagnosis
citodiagnóstico
citogenética
citología
citoplasma
citoplasmático
citoplásmico
citostático
citote
citra
citramontano
citrato
citricultura
citrina
citrino
citrícola
citrón
citófono
citólogo
ciudad
ciudadano
ciudadanía
ciudadela
ciudadrealeño
civeta
civeto
civil
civilidad
civilista
civilización
civilizador
civilizar
civilmente
civismo
cizalla
cizallar
cizaña
cizañador
cizañar
cizañear
cizañero
ciánico
ciática
ciático
ciénaga
ciénago
ciénega
ciénego
ciñuela
clac
clachique
claco
clacote
cladodio
cladócero
clamar
clamor
clamoreada
clamorear
clamoreo
clamoroso
clamosidad
clamoso
clan
clandestinamente
clandestinidad
clandestino
clanga
clangor
clapa
claque
claqueta
claquetista
claqué
clara
claraboya
claramente
clarar
clarea
clarear
clarecer
clarens
clareo
clarete
claretiano
clareza
claridad
claridoso
clarificación
clarificador
clarificar
clarificativo
clarilla
clarimente
clarimento
clarinada
clarinado
clarinazo
clarinero
clarinete
clarinetista
clariniano
clarioncillo
clariosa
clarisa
clarividencia
clarividente
clarión
claro
claror
claroscuro
clarucho
clarífico
clarín
clase
clasicismo
clasicista
clasificable
clasificación
clasificado
clasificador
clasificar
clasificatorio
clasismo
clasista
claudia
claudicación
claudicar
claustra
claustral
claustrar
claustrero
claustrillo
claustro
claustrofobia
claustrofóbico
clausulado
clausular
clausura
clausurar
clava
clavadizo
clavado
clavadora
clavadura
claval
clavar
clavario
clavazón
clave
clavecinista
clavecín
clavel
clavelito
clavellina
clavelón
claveque
clavera
clavero
clavería
claveta
clavete
clavetear
claveteo
clavicembalista
clavicordio
claviculado
clavicular
clavicémbalo
clavicímbalo
clavicímbano
claviforme
clavija
clavijera
clavijero
clavillo
clavito
claviórgano
clavo
clavícula
claxon
clazol
clemencia
clemente
clementina
clemátide
clepsidra
cleptomaniaco
cleptomanía
cleptomaníaco
cleptómano
clerecía
clerical
clericalismo
clericalmente
clericato
clericatura
clerigalla
cleriguicia
clerizonte
clerizón
clero
clerofobia
clerófobo
cleuasmo
clic
clica
cliché
clienta
cliente
clientela
clientelismo
clima
climaterio
climatización
climatizado
climatizador
climatizar
climatología
climatológico
climatérico
climatólogo
climograma
climático
clin
clineja
clinopodio
clinómetro
clip
clisado
clisar
clisos
clistel
clistelera
clister
clisterizar
clisé
clitómetro
clivoso
clo
cloaca
cloasma
cloc
clocar
cloche
clochel
clon
clonación
clonar
clonqui
cloque
cloquear
cloqueo
cloquera
cloquero
cloración
cloral
clorar
cloratado
clorato
clorhidrato
clorhídrico
clorita
clorito
cloro
cloroacético
clorofila
clorofilo
cloroformización
cloroformizar
cloroformo
clorofílico
clorofórmico
cloromicetina
cloroplasto
clorosis
cloroso
clorurar
cloruro
clorítico
clorótico
clota
clown
club
clube
clubista
clueco
cluniacense
cluniense
clámide
clásica
clásico
clástico
cláusula
clérigo
clíbano
clímax
clínica
clínico
clípeo
clíper
clítoris
clónico
clórico
clóset
cneoráceo
cnidario
coa
coaccionar
coacción
coacervación
coacervar
coacreedor
coactividad
coactivo
coacusado
coadjutor
coadjutoría
coadministrador
coadquisición
coadunación
coadunamiento
coadunar
coadyutor
coadyutorio
coadyuvador
coadyuvante
coadyuvar
coagente
coagulable
coagulación
coagulador
coagulante
coagular
coaguloso
coahuilense
coaita
coalescencia
coalescente
coalicionista
coalición
coaligado
coaligarse
coalla
coamante
coana
coaptación
coaptar
coapóstol
coarcho
coarrendador
coartación
coartada
coartado
coartador
coartar
coatí
coautor
coaxial
coba
cobaltina
cobalto
cobaltoterapia
cobanero
cobarcho
cobarde
cobardear
cobardía
cobardón
cobaya
cobayo
cobea
cobertera
cobertero
cobertizo
cobertor
cobertura
cobez
cobija
cobijador
cobijadura
cobijamiento
cobijar
cobijera
cobijeño
cobijo
cobijón
cobil
cobista
cobla
cobo
cobra
cobrable
cobradero
cobrado
cobrador
cobramiento
cobranza
cobrar
cobratorio
cobre
cobreado
cobrear
cobreño
cobrizo
cobro
cobáltico
coca
cocacho
cocada
cocador
cocainomanía
cocainómano
cocal
cocalero
cocar
cocarar
cocaví
cocaína
coccidio
coccinela
coccinélido
cocción
coccígeo
coccíneo
coceador
coceadura
coceamiento
cocear
cocedero
cocedizo
cocedor
cocedura
cocer
cocha
cochabambino
cochama
cochambre
cochambrero
cochambrería
cochambroso
cochano
cocharro
cochastro
cochayuyo
coche
cochear
cochera
cocheril
cochero
cocherón
cochevira
cochevís
cochi
cochifrito
cochigato
cochillo
cochina
cochinada
cochinamente
cochinata
cochinera
cochinero
cochinería
cochinilla
cochinillo
cochinito
cochino
cochiquera
cochite
cochitril
cochizo
cocho
cochorro
cochura
cochurero
cochío
cocido
cociente
cocimiento
cocina
cocinar
cocinero
cocinería
cocinilla
cocinita
coclear
coclearia
coclesano
coco
cocobolo
cocobálsamo
cococha
cocodrilo
cocol
cocolero
cocoliche
cocoliste
cocolía
cocolón
cocorota
cocoso
cocota
cocotal
cocote
cocotero
cocotología
coctel
coctelera
cocui
cocuiza
cocuy
cocuyo
cocó
coda
codadura
codal
codaste
codazo
codear
codecillo
codelincuencia
codelincuente
codena
codeo
codera
codero
codesera
codeso
codeudor
codezmero
codeína
codicia
codiciable
codiciador
codiciar
codicilar
codicilio
codicillo
codicilo
codicioso
codicología
codificable
codificación
codificador
codificar
codillera
codillo
codina
codirección
codirector
codirigir
codo
codorniz
codorno
codorro
codoñate
codujo
codujón
codín
codón
coeducación
coeficiencia
coeficiente
coendú
coepíscopo
coercer
coercible
coercitivo
coerción
coesposa
coeternidad
coeterno
coetáneo
coevo
coexistencia
coexistente
coexistir
coextenderse
cofa
cofia
cofiador
cofrada
cofrade
cofradero
cofradía
cofre
cofrear
cofrero
cofundador
cofín
cogecha
cogechar
cogecho
cogedero
cogedizo
cogedor
cogedura
coger
cogermano
cogestión
cogido
cogienda
cogimiento
cogioca
cogitabundo
cogitación
cogitar
cogitativo
cognación
cognado
cognaticio
cognición
cognitivo
cognocer
cognombre
cognomen
cognomento
cognominar
cognoscente
cognoscible
cognoscitivo
cogollero
cogollo
cogolmar
cogombrillo
cogombro
cogonal
cogorza
cogotazo
cogote
cogotera
cogotillo
cogotudo
cogucho
coguilera
cogujada
cogujonero
cogujón
cogulla
cogullada
cogón
cogüelmo
cohabitación
cohabitar
cohecha
cohechador
cohechar
cohecho
coheredar
coheredero
coherencia
coherente
cohermano
cohesivo
cohesión
cohesor
cohetazo
cohete
cohetera
cohetero
cohetería
cohibición
cohibido
cohibir
cohobación
cohobar
cohobo
cohollo
cohombral
cohombrillo
cohombro
cohonder
cohondimiento
cohonestador
cohonestar
cohorte
cohíta
coición
coicoy
coihue
coihué
coima
coimbricense
coime
coimear
coimero
coincidencia
coincidente
coincidir
coinquilino
coinquinar
cointeresado
coiné
coipo
coironal
coirón
coitar
coito
coja
cojal
cojear
cojera
cojijo
cojijoso
cojinete
cojinillo
cojinúa
cojitranco
cojo
cojobo
cojolite
cojonudo
cojudez
cojudo
cojuelo
cojutepequense
cojín
cojón
cok
col
cola
colaboracionista
colaboración
colaborador
colaborar
colacionar
colación
colactáneo
colada
coladera
coladero
coladizo
colado
colador
coladora
coladura
colagogo
colaina
colaire
colambre
colana
colanilla
colapez
colapiscis
colapsar
colapso
colar
colateral
colativo
colaudar
colayo
colaña
colcha
colchado
colchadura
colchagüino
colchar
colchero
colchonera
colchonero
colchonería
colchoneta
colchón
colcótar
cole
coleada
coleador
coleadura
colear
coleccionador
coleccionar
coleccionismo
coleccionista
colección
colecistitis
colecta
colectación
colectar
colecticio
colectivero
colectividad
colectivismo
colectivista
colectivización
colectivizar
colectivo
colector
colecturía
colectánea
colega
colegatario
colegiación
colegiadamente
colegiado
colegial
colegiala
colegialmente
colegiar
colegiata
colegiatura
colegio
colegir
colegislador
colemia
colendo
coleo
colera
coleriforme
colerina
colerizar
colero
colesterina
colesterol
coleta
coletazo
coletero
coletilla
coletillo
coleto
coletudo
coletuy
coletón
coleóptero
colgadero
colgadizo
colgado
colgador
colgadura
colgajo
colgamiento
colgandero
colgante
colgar
colibacilo
colibacilosis
colibrí
colicano
coliche
colicoli
colicuación
colicuar
colicuativo
colicuecer
colidir
coliflor
coligación
coligadura
coligamiento
coligarse
coliguacho
coligual
coligüe
colilarga
colilla
colillero
colimación
colimador
colimar
colimba
colimbo
colimense
colimeño
colimote
colina
colinabo
colindancia
colindante
colindar
colineta
colino
colipavo
coliquera
colirio
colirrojo
colisa
coliseo
colisionar
colisión
colista
coliteja
colitigante
colitis
coliza
colla
collación
collada
collado
colladía
collage
collalba
collar
collareja
collarino
collarín
collazo
colleja
collera
collerón
colleta
colliguay
collonada
collonería
collón
colmadamente
colmado
colmadura
colmar
colmatar
colme
colmena
colmenar
colmenero
colmenilla
colmillada
colmillar
colmillazo
colmillo
colmilludo
colmo
colo
colobo
colocación
colocado
colocar
colocasia
colocho
colochón
colocolo
colocutor
colodión
colodra
colodrazgo
colodrillo
colodro
colofonia
colofonita
colofonía
colofón
cologüina
coloidal
coloide
coloideo
colombianismo
colombiano
colombicultura
colombina
colombino
colombo
colombofilia
colombroño
colombófilo
colomín
colon
colonato
colonche
colonda
colonense
coloneño
colonia
coloniaje
colonial
colonialismo
colonialista
coloniense
colonización
colonizador
colonizar
colono
coloquial
coloquio
coloquíntida
color
coloración
coloradamente
coloradilla
colorado
coloramiento
colorante
colorar
colorativo
colorear
colorete
colorido
coloridor
colorimetría
colorinche
colorir
colorismo
colorista
colorímetro
colorín
colosal
colosalismo
colosalista
colosense
coloso
colostomía
colote
coloño
colpa
colpar
colpe
colquicáceo
coludir
coludo
columbario
columbeta
columbiforme
columbino
columbrar
columbrete
columbrón
columelar
columna
columnario
columnata
columnista
columpiar
columpio
coluna
coluro
colusión
colusor
colusorio
colutorio
coluvie
colza
colágeno
colédoco
colérico
colín
colón
colúbrido
coma
comadrazgo
comadre
comadrear
comadreja
comadreo
comadrero
comadrería
comadrón
comal
comalecerse
comalia
comalido
comanche
comandamiento
comandancia
comandanta
comandante
comandar
comandita
comanditar
comanditario
comando
comarca
comarcal
comarcano
comarcar
comatoso
comayagüense
comba
combadura
combalacharse
combar
combarcano
combate
combatible
combatidor
combatiente
combatimiento
combatir
combatividad
combativo
combazo
combeneficiado
combinable
combinación
combinada
combinado
combinar
combinatorio
comblezo
combluezo
combo
comboso
combretáceo
comburente
combustibilidad
combustible
combustión
combusto
combés
comechingón
comecocos
comecome
comedero
comedia
comediante
comediar
comedición
comedido
comedimiento
comedio
comedir
comediógrafo
comedor
comedón
comejenera
comején
comemierda
comendación
comendador
comendadora
comendadoría
comendamiento
comendatario
comendaticio
comendatorio
comendero
comensal
comensalía
comentador
comentar
comentario
comentarista
comento
comenzadero
comenzador
comenzamiento
comenzante
comenzar
comer
comerciable
comercial
comercialismo
comercialización
comercializar
comerciante
comerciar
comercio
comestible
cometa
cometario
cometedor
cometer
cometida
cometido
cometimiento
comezón
comible
comicastro
comichear
comicial
comicidad
comicios
comida
comidero
comidilla
comido
comienda
comienzo
comigo
comilitona
comilitón
comilón
cominear
cominero
cominería
cominillo
comino
comiquear
comiquería
comis
comisar
comisaria
comisariato
comisario
comisaría
comiscar
comisionado
comisionar
comisionista
comisión
comiso
comisorio
comisquear
comistión
comistrajo
comisura
comital
comitente
comitiva
comité
comiza
commelináceo
como
comodante
comodatario
comodato
comodidad
comodidoso
comodino
comodista
comodoro
comodín
comodón
comoquiera
compacidad
compaciente
compactación
compactar
compactibilidad
compacto
compadecer
compadrada
compadraje
compadrar
compadrazgo
compadre
compadrear
compadreo
compadrería
compadrito
compadrón
compaginación
compaginado
compaginador
compaginar
compaisano
companaje
compango
comparable
comparación
comparado
comparador
comparanza
comparar
comparatismo
comparatista
comparativamente
comparativo
comparecencia
comparecer
compareciente
comparsa
comparsería
compartidor
compartimentación
compartimentar
compartimento
compartimiento
compartir
compasadamente
compasado
compasar
compasear
compaseo
compasible
compasillo
compasionado
compasivo
compasión
compaternidad
compatibilidad
compatibilizar
compatible
compatricio
compatriota
compatrioto
compatronato
compatrono
compatrón
compaña
compañerismo
compañero
compañería
compaño
compañía
compañón
compeler
compelir
compendiador
compendiar
compendiariamente
compendio
compendiosamente
compendioso
compendista
compendizar
compenetración
compenetrarse
compensable
compensación
compensador
compensar
compensativo
compensatorio
competencia
competencial
competente
competentemente
competer
competición
competidor
competir
competitividad
competitivo
compilación
compilador
compilar
compilatorio
compinche
compitales
complacedero
complacedor
complacencia
complacer
complaciente
complacimiento
complanar
complañir
compleción
complejidad
complejo
complementación
complementar
complementariedad
complementario
complemento
completamente
completar
completas
completitud
completivamente
completivo
completo
completorio
complexidad
complexionado
complexional
complexión
complexo
complicación
complicado
complicar
complicidad
complido
complidura
complimiento
complixión
complot
complotado
complotar
complutense
compluvio
componado
componedor
componenda
componente
componer
componible
componimiento
comporta
comportable
comportamiento
comportar
comporte
comportero
comportería
composible
composición
compositivo
compositor
compost
compostelano
compostura
compota
compotera
compra
comprable
comprachilla
comprada
compradero
compradillo
compradizo
comprado
comprador
comprante
comprar
compraventa
comprehender
comprehensible
comprehensivo
comprehensión
comprehensor
comprendedor
comprender
comprensibilidad
comprensible
comprensivo
comprensión
comprensor
comprero
compresa
compresamente
compresbítero
compresibilidad
compresible
compresivo
compresión
compresor
comprimario
comprimible
comprimido
comprimir
comprobable
comprobación
comprobante
comprobar
comprobatorio
comprofesor
comprometedor
comprometer
comprometido
comprometimiento
compromisario
compromiso
compromisorio
comprovincial
comprovinciano
comprueba
compto
compueblano
compuerta
compuestamente
compuesto
compulsa
compulsación
compulsar
compulsivo
compulsión
compunción
compungido
compungir
compungivo
computable
computación
computador
computadorizar
computar
computarizar
computista
compás
compón
comto
comulación
comulgante
comulgar
comulgatorio
comuna
comunal
comunaleza
comunalmente
comunalía
comunamente
comunero
comunicabilidad
comunicable
comunicación
comunicado
comunicador
comunicante
comunicar
comunicatividad
comunicativo
comunicatorias
comunicología
comunicólogo
comunidad
comunismo
comunista
comunitario
comunión
comuña
común
comúnmente
con
conacaste
conacho
conativo
conato
conca
concadenar
concambio
concanónigo
concatedralidad
concatenación
concatenamiento
concatenar
concausa
concavidad
concebible
concebimiento
concebir
conceder
concejal
concejalía
concejeramente
concejero
concejil
concejo
concelebrar
conceller
concento
concentrabilidad
concentrable
concentración
concentrado
concentrador
concentrar
concentuoso
concepcionero
concepcionista
concepción
conceptear
conceptible
conceptismo
conceptista
conceptivo
concepto
conceptuación
conceptual
conceptualismo
conceptualista
conceptualizar
conceptuar
conceptuosidad
conceptuoso
concercano
concernencia
concerniente
concernir
concertación
concertada
concertadamente
concertador
concertaje
concertante
concertar
concertina
concertino
concertista
concesible
concesionario
concesivo
concesión
conceto
conceyo
concha
conchabamiento
conchabanza
conchabar
conchabo
conchado
conchal
conchero
conchesta
conchil
concho
conchoso
conchudo
conchuela
conchífero
concia
conciencia
concienciación
concienciar
concienzudamente
concienzudo
concierto
conciliable
conciliación
conciliador
conciliar
conciliativo
conciliatorio
concilio
conciliábulo
concinidad
concino
concionador
concionar
concisión
conciso
concitación
concitador
concitar
concitativo
conciudadano
conción
conclave
conclavista
concluir
conclusivo
conclusión
concluso
concluyente
concoide
concoideo
concolega
concolón
concomerse
concomimiento
concomio
concomitancia
concomitante
concordable
concordación
concordador
concordancia
concordante
concordanza
concordar
concordata
concordatario
concordativo
concordato
concorde
concordemente
concordia
concorpóreo
concorvado
concreado
concrecionar
concreción
concrescencia
concretar
concretización
concretizar
concreto
concuasar
concubina
concubinario
concubinato
concubio
concuerda
conculcación
conculcador
conculcar
concuna
concupiscencia
concupiscente
concupiscible
concurrencia
concurrente
concurrido
concurrir
concursado
concursante
concursar
concurso
concusionario
concusión
concuñado
concuño
concéntrico
concón
concúbito
condado
condal
conde
condecabo
condecente
condecir
condecoración
condecorar
condena
condenable
condenación
condenado
condenador
condenar
condenatorio
condensa
condensabilidad
condensable
condensación
condensador
condensar
condensativo
condenso
condesa
condesado
condesar
condescendencia
condescender
condescendiente
condesijo
condesil
condestable
condestablesa
condestablía
condicionado
condicional
condicionalmente
condicionamiento
condicionante
condicionar
condición
condidor
condigno
condimentación
condimentar
condimento
condir
condiscípulo
condolecerse
condolencia
condoler
condominio
condonación
condonante
condonar
condotiero
condrila
condritis
condrografía
condrográfico
condrología
condroma
conducción
conducencia
conducente
conducho
conducible
conducidor
conducir
conducta
conductancia
conductero
conductible
conducticio
conductismo
conductista
conductividad
conductivo
conducto
conductor
conduerma
condueño
condumio
conduplicación
condurango
condurar
conduta
condutal
condutero
condómino
condón
conectador
conectar
conectivo
coneja
conejal
conejar
conejero
conejillo
conejito
conejo
conejuno
conexidad
conexionarse
conexivo
conexión
conexo
confabulación
confabulador
confabular
confacción
confalonier
confaloniero
confalón
confarreación
confeccionador
confeccionar
confeccionista
confección
confederación
confederado
confederal
confederar
confederativo
confer
conferencia
conferenciante
conferenciar
conferencista
conferir
confesa
confesable
confesado
confesante
confesar
confesional
confesionalidad
confesionario
confesionista
confesión
confeso
confesonario
confesor
confesorio
confesuría
confeti
confiabilidad
confiable
confiadamente
confiado
confiador
confianza
confianzudo
confiar
conficiente
conficionar
confición
confidencia
confidencial
confidencialidad
confidencialmente
confidente
confidentemente
configuración
configurar
confinación
confinado
confinamiento
confinante
confinar
confinidad
confirmación
confirmadamente
confirmador
confirmamiento
confirmando
confirmante
confirmar
confirmativo
confirmatorio
confiscable
confiscación
confiscado
confiscar
confiscatorio
confitado
confitar
confite
confitente
confiteor
confitera
confitero
confitería
confitico
confitura
conflación
conflagración
conflagrar
conflictividad
conflictivo
conflicto
confluencia
confluente
confluir
conflátil
conformación
conformador
conformar
conforme
conformemente
conformidad
conformismo
conformista
confort
confortabilidad
confortable
confortablemente
confortación
confortador
confortamiento
confortante
confortar
confortativo
conforte
conforto
confracción
confrade
confradía
confragoso
confraternar
confraternidad
confraternizar
confricación
confricar
confrontación
confrontar
confucianismo
confuciano
confucionismo
confucionista
confuerzo
confuir
confulgencia
confundible
confundidor
confundimiento
confundir
confusamente
confusionismo
confusionista
confusión
confuso
confutación
confutador
confutar
confutatorio
confín
confíteor
conga
congal
congelable
congelación
congelador
congelamiento
congelar
congelativo
congenial
congeniar
congerie
congeries
congestionar
congestivo
congestión
congiario
congio
conglobación
conglobar
conglomeración
conglomerado
conglomerante
conglomerar
congloriar
conglutinación
conglutinante
conglutinar
conglutinativo
conglutinoso
congo
congoja
congojar
congojo
congojoso
congola
congoleño
congolona
congolés
congona
congorocho
congosto
congraciador
congraciamiento
congraciar
congratulación
congratular
congratulatorio
congregación
congregante
congregar
congresal
congresista
congreso
congresual
congrio
congrua
congruamente
congruencia
congruente
congruidad
congruismo
congruista
congruo
congrí
conguito
congénere
congénito
congó
conhortar
conhorte
conicidad
coniecha
coniforme
conimbricense
conirrostro
conivalvo
coniza
conjetura
conjeturable
conjeturador
conjetural
conjeturar
conjuez
conjugable
conjugación
conjugado
conjugal
conjugar
conjunción
conjuntamente
conjuntar
conjuntiva
conjuntival
conjuntivitis
conjuntivo
conjunto
conjuntura
conjura
conjuración
conjurado
conjurador
conjuramentar
conjurar
conjuro
conllevador
conllevar
conllorar
conloar
conmemorable
conmemoración
conmemorar
conmemorativo
conmemoratorio
conmensal
conmensalía
conmensurabilidad
conmensurable
conmensuración
conmensurar
conmensurativo
conmigo
conmilitón
conminación
conminador
conminar
conminativo
conminatorio
conminuta
conmiseración
conmiserativo
conmistión
conmisto
conmistura
conmixtión
conmixto
conmocionar
conmoción
conmonitorio
conmoración
conmovedor
conmover
conmuta
conmutabilidad
conmutable
conmutación
conmutador
conmutar
conmutatividad
conmutativo
conmutatriz
connatural
connaturalización
connaturalizar
connaturalmente
connivencia
connivente
connombre
connosco
connotación
connotado
connotar
connotativo
connovicio
connubial
connubio
connumerar
cono
conocedor
conocencia
conocer
conocible
conocidamente
conocido
conocimiento
conoidal
conoide
conoideo
conopeo
conopial
conoscencia
conoto
conque
conquense
conqueridor
conquerir
conquibus
conquiforme
conquiliología
conquiliólogo
conquista
conquistable
conquistador
conquistar
conqué
conrear
conreinar
conreo
consabido
consabidor
consaburense
consagrable
consagración
consagramiento
consagrar
consagratorio
consanguinidad
consanguíneo
consciencia
consciente
conscripción
conscripto
consectario
consecución
consecuencia
consecuente
consecuentemente
consecutivamente
consecutivo
conseguimiento
conseguir
conseja
consejable
consejador
consejar
consejeramente
consejero
consejería
consejo
consenciente
consenso
consensual
consensuar
consentido
consentidor
consentimiento
consentir
conserje
conserjería
conserva
conservacionista
conservación
conservador
conservadorismo
conservadurismo
conservaduría
conservante
conservar
conservativo
conservatoria
conservatorio
conservatoría
conservero
conservería
conseyo
considerable
considerablemente
consideración
considerado
considerador
considerando
considerar
considerativo
consiervo
consigna
consignación
consignador
consignar
consignatario
consignativo
consigo
consiguiente
consiguientemente
consiliario
consiliativo
consintiente
consistencia
consistente
consistir
consistorial
consistorialmente
consistorio
consocio
consograr
consola
consolable
consolación
consolador
consolar
consolativo
consolatorio
consoldar
consolidación
consolidada
consolidar
consolidativo
consomé
consonamiento
consonancia
consonante
consonantismo
consonantización
consonantizar
consonar
consonántico
consorcio
consorte
conspicuo
conspiración
conspirado
conspirador
conspirar
constable
constancia
constanciense
constante
constantemente
constantinopolitano
constar
constatación
constatar
constelación
constelado
constelar
consternación
consternar
constipación
constipado
constipar
constipativo
constitucional
constitucionalidad
constitucionalismo
constitucionalista
constitucionalmente
constitución
constituidor
constituir
constitutivo
constituyente
constreñimiento
constreñir
constricción
constrictivo
constrictor
constrictura
constringente
constringir
constriñir
construcción
constructivismo
constructivo
constructor
construir
consubstanciación
consubstancial
consubstancialidad
consubstanciarse
consuegrar
consuegro
consuelda
consuelo
consueta
consueto
consuetud
consuetudinario
consulado
consular
consulazgo
consulesa
consulta
consultable
consultación
consultante
consultar
consultivo
consulto
consultor
consultorio
consultoría
consumación
consumado
consumador
consumar
consumativo
consumero
consumible
consumición
consumido
consumidor
consumimiento
consumir
consumismo
consumista
consumo
consuna
consunción
consuno
consuntivo
consunto
consustanciación
consustancial
consustancialidad
consólida
conta
contabilidad
contabilizar
contable
contactar
contacto
contactología
contactólogo
contadero
contado
contador
contaduría
contagiar
contagio
contagiosidad
contagioso
contagión
contal
contaminación
contaminador
contaminante
contaminar
contante
contar
contario
contecer
contemperar
contemplación
contemplador
contemplar
contemplativo
contemplatorio
contemporaneidad
contemporización
contemporizador
contemporizar
contemporáneo
contencioso
contención
contendedor
contender
contendiente
contendor
contenedor
contenencia
contener
contenible
contenido
contenta
contentación
contentadizo
contentamiento
contentar
contenteza
contentible
contentivo
contento
contentura
conteo
contera
contero
conterráneo
contertuliano
contertulio
contesta
contestable
contestación
contestador
contestano
contestar
contestatario
conteste
contestón
contexto
contextual
contextualizar
contextuar
contextura
conticinio
contienda
contignación
contigo
contiguamente
contiguo
contigüidad
contil
continencia
continental
continente
continentemente
contingencia
contingentar
contingente
contingentemente
contingible
contino
continuación
continuadamente
continuado
continuador
continuamente
continuamiento
continuar
continuativo
continuidad
continuismo
continuista
continuo
contioso
contlapache
contlapachear
contonearse
contoneo
contorcerse
contorción
contornado
contornar
contornear
contorneo
contorno
contorsionarse
contorsionista
contorsión
contra
contraalmirante
contraamura
contraaproches
contraarmadura
contraarmiños
contraatacar
contraataguía
contraataque
contraaviso
contrabajete
contrabajista
contrabajo
contrabajonista
contrabajón
contrabalancear
contrabalanza
contrabandado
contrabandear
contrabandeo
contrabandista
contrabando
contrabarrera
contrabasa
contrabatería
contrabatir
contrabloqueo
contrabolina
contrabranque
contrabraza
contracaja
contracambio
contracampo
contracanal
contracancha
contracandela
contracarril
contracarta
contracción
contracebadera
contracepción
contraceptivo
contrachapado
contrachapeado
contracifra
contraclave
contracodaste
contraconcepción
contraconceptivo
contracorriente
contracosta
contractación
contractibilidad
contractilidad
contractivo
contracto
contractual
contractura
contracuartelado
contracultura
contracultural
contracédula
contrada
contradanza
contradecidor
contradecir
contradicción
contradicho
contradictor
contradictorio
contradique
contradriza
contradurmente
contradurmiente
contraejemplo
contraelectromotriz
contraemboscada
contraembozo
contraenvite
contraer
contraescarpa
contraescota
contraescotín
contraescritura
contraespionaje
contraestay
contrafacción
contrafacer
contrafagot
contrafajado
contrafallar
contrafallo
contrafigura
contrafilo
contraflorado
contrafoque
contrafoso
contrafuego
contrafuero
contrafuerte
contrafuga
contragolpe
contraguardia
contraguerrilla
contraguía
contrahacedor
contrahacer
contrahacimiento
contrahaz
contrahecho
contrahechura
contrahierba
contrahilera
contrahorte
contrahuella
contrahílo
contraindicación
contraindicado
contraindicante
contraindicar
contrainteligencia
contrajudía
contralecho
contralizo
contralla
contrallar
contrallo
contralmirantazgo
contralmirante
contralor
contralorear
contraloría
contralto
contraluz
contramaestre
contramalla
contramalladura
contramallar
contramandar
contramandato
contramangas
contramano
contramarca
contramarcar
contramarcha
contramarchar
contramarco
contramarea
contramesana
contramina
contraminar
contramuelle
contramuralla
contramuro
contranatural
contranota
contraofensiva
contraoferta
contraorden
contrapalado
contrapalanquín
contrapar
contrapariente
contrapartida
contrapasamiento
contrapasar
contrapaso
contrapear
contrapechar
contrapelear
contrapelo
contrapesar
contrapeso
contrapeste
contrapicado
contrapilastra
contrapié
contraplano
contraponedor
contraponer
contraportada
contraposición
contrapotenzado
contrapozo
contraprestación
contraprincipio
contraproducente
contraprogramación
contraproposición
contrapropuesta
contraprueba
contrapuerta
contrapuesto
contrapugnar
contrapunta
contrapuntante
contrapuntarse
contrapuntear
contrapunteo
contrapuntista
contrapunto
contrapunzar
contrapunzón
contrapás
contraquilla
contrariador
contrariamente
contrariar
contraridad
contrariedad
contrario
contrarraya
contrarreforma
contrarregistro
contrarreguera
contrarreloj
contrarrelojista
contrarrestar
contrarresto
contrarrevolucionario
contrarrevolución
contrarroda
contrarronda
contrarrotura
contrarréplica
contrasalva
contraseguro
contrasellar
contrasello
contrasentido
contraseña
contraseñar
contraseño
contrastable
contrastante
contrastar
contraste
contrastivo
contrasto
contrata
contratación
contratamiento
contratante
contratapa
contratar
contratela
contratiempo
contratista
contrato
contratorpedero
contratreta
contratrinchera
contratuerca
contravalación
contravalar
contravalor
contravapor
contravención
contraveneno
contravenidor
contravenimiento
contravenir
contraventana
contraventor
contraventura
contraverado
contraveros
contravidriera
contravoluta
contray
contrayente
contraír
contre
contrecho
contremecer
contreras
contrete
contri
contribución
contribuidor
contribuir
contribular
contributario
contributivo
contribuyente
contrición
contrincante
contristar
contrito
control
controlable
controlador
controlar
controversia
controversial
controversista
controvertible
controvertir
contráctil
contubernal
contubernio
contumacia
contumaz
contumazmente
contumelia
contumelioso
contumeria
contumerioso
contundencia
contundente
contundir
conturbación
conturbado
conturbador
conturbar
conturbativo
contusionar
contusión
contuso
contutor
contérmino
contía
conuco
conuquero
conurbación
convalecencia
convalecer
convaleciente
convalidación
convalidar
convección
convecino
convencedor
convencer
convencimiento
convencional
convencionalismo
convencionalmente
convención
convenencia
convenenciero
convenible
convenido
conveniencia
conveniente
convenientemente
convenio
convenir
conventico
conventillero
conventillo
convento
conventual
conventualidad
conventualmente
conventícula
conventículo
convergencia
convergente
converger
convergir
conversa
conversable
conversacional
conversación
conversador
conversamiento
conversar
conversativo
conversivo
conversión
converso
convertibilidad
convertible
convertidor
convertimiento
convertir
convexidad
convexo
convicción
convicio
convicto
convictor
convictorio
convidado
convidador
convidar
convincente
convincentemente
convite
convival
convivencia
conviviente
convivio
convivir
convocación
convocadero
convocador
convocar
convocatorio
convolar
convolvuláceo
convoy
convoyar
convulsionante
convulsionar
convulsionario
convulsivo
convulsión
convulso
convusco
convólvulo
conyector
conyugado
conyugal
conyugicida
conyugicidio
conyúdice
conífero
coona
cooperación
cooperador
cooperante
cooperar
cooperario
cooperativa
cooperativismo
cooperativista
cooperativo
coopositor
cooptación
cooptar
coordenado
coordinación
coordinadamente
coordinado
coordinador
coordinamiento
coordinante
coordinar
coordinativo
copa
copada
copado
copador
copaiba
copal
copalillo
copaneco
copano
copante
copaquira
copar
coparticipación
copartidario
copartícipe
copayero
copazo
copaína
cope
copear
copec
copeca
copeicillo
copela
copelación
copelar
copeo
copera
copernicano
copero
copeta
copete
copetudo
copetín
copetón
copey
copia
copiador
copiante
copiapino
copiar
copichuela
copihue
copilación
copilador
copilar
copilla
copiloto
copina
copinar
copino
copinol
copiosamente
copiosidad
copioso
copista
copistería
copión
copla
coplanario
copleador
coplear
coplero
coplería
coplista
coplona
coplón
copo
coposesión
coposesor
coposo
copra
copresidente
coproducción
coproducir
coproductor
coprofagia
coprolalia
coprolito
coprología
coprológico
copropiedad
copropietario
coprófago
copto
copucha
copuchar
copuchento
copudo
copulación
copulador
copular
copulativamente
copulativo
copé
copépodo
copín
copón
coque
coquear
coquera
coquero
coquería
coqueta
coquetear
coqueteo
coquetería
coquetismo
coqueto
coquetón
coquimbano
coquina
coquinario
coquinero
coquino
coquito
coquizable
coquización
coquizar
coquí
coquímbano
cor
cora
coracero
coracha
coracina
coracoides
coracán
corada
coraje
corajina
corajoso
corajudo
coral
coralario
coralero
coralillo
coralino
coralito
coralífero
coralígeno
corambre
corambrero
coramvobis
corana
corar
coras
coraza
coraznada
corazonada
corazoncillo
corazonista
corazón
corbachada
corbacho
corbata
corbatear
corbatero
corbatería
corbato
corbatín
corbe
corbeta
corbillo
corbona
corca
corcarse
corcel
corcesca
corcha
corchapín
corchar
corche
corchea
corchero
corcheta
corchetada
corchete
corcho
corchoso
corchotaponero
corcino
corco
corcolén
corconera
corcor
corcova
corcovado
corcovar
corcovear
corcoveo
corcoveta
corcovo
corcuncho
corcusido
corcusir
corda
cordada
cordado
cordaje
cordal
cordato
cordel
cordelado
cordelar
cordelazo
cordelejo
cordelero
cordelería
cordelillo
cordellate
cordera
corderaje
corderil
corderillo
corderino
cordero
corderuna
cordería
cordeta
cordiaco
cordial
cordialidad
cordialmente
cordiforme
cordila
cordilla
cordillera
cordillerano
cordilo
cordimariano
cordita
corditis
cordobana
cordobanero
cordobense
cordobán
cordobés
cordojo
cordojoso
cordonazo
cordoncillo
cordonero
cordonería
cordubense
cordula
cordura
cordíaco
cordón
corea
coreano
corear
corecico
corecillo
corega
corego
coreo
coreografiar
coreografía
coreográfico
corepíscopo
corete
coreuta
corezuelo
coreógrafo
cori
coriambo
coriandro
coriano
coriariáceo
coribante
corifeo
coriláceo
corimbo
corindón
corintio
corinto
corion
corisanto
corista
corito
coriza
coriáceo
coriámbico
corión
corla
corlador
corladura
corlar
corleador
corlear
corma
cormano
cormiera
cormorán
cornac
cornaca
cornada
cornadillo
cornado
cornadura
cornal
cornalina
cornalón
cornamenta
cornamusa
cornatillo
corneado
corneador
cornear
corneja
cornejal
cornejo
cornelina
cornerina
cornero
corneta
cornete
cornetilla
corneto
cornetín
cornezuelo
corniabierto
cornial
corniapretado
cornibrocho
cornicabra
corniforme
cornigacho
cornigordo
cornija
cornijal
cornijamento
cornijamiento
cornijón
cornil
corniola
cornisa
cornisamento
cornisamiento
cornisón
corniveleto
cornizo
corno
cornucopia
cornuda
cornudilla
cornudo
cornuto
cornáceo
cornígero
cornúpeta
cornúpeto
coro
corocha
corocoreño
corografía
corográficamente
corográfico
coroideo
coroides
corojo
corola
corolario
coroliflora
corolino
corolla
corona
coronación
coronada
coronado
coronador
coronal
coronamento
coronamiento
coronar
coronario
coronda
corondel
coroneja
coronel
coronela
coronelía
coronilla
coronillo
coronio
coronista
coronta
corosol
coroza
corozal
corozo
corpa
corpachón
corpanchón
corpecico
corpezuelo
corpiño
corporación
corporal
corporalidad
corporalmente
corporativamente
corporativismo
corporativista
corporativo
corporeidad
corporeizar
corporificar
corporizar
corps
corpudo
corpulencia
corpulento
corpus
corpuscular
corpusculista
corpóreo
corpúsculo
corra
corral
corralada
corralero
corraleta
corralito
corraliza
corralón
correa
correaje
correal
correar
correazo
correcaminos
correccional
correccionalismo
correccionalista
correccionalmente
corrección
correcho
correctamente
correctibilidad
correctivo
correcto
corrector
corredentor
corredero
corredizo
corredor
corredura
correduría
correero
correería
corregencia
corregente
corregibilidad
corregible
corregidor
corregimiento
corregir
corregüela
correhuela
correinado
correinante
correjel
correlación
correlativamente
correlativo
correlato
correligionario
correlón
correncia
correndilla
correntada
correntiar
correntino
correntoso
correntía
correntío
correntón
correo
correoso
correr
correría
correspondencia
corresponder
correspondiente
correspondientemente
corresponsabilidad
corresponsable
corresponsal
corresponsalía
corresponsión
corretaje
correteada
corretear
correteo
corretero
corretora
correturnos
correvedile
correveidile
correverás
correyuela
correón
corrida
corridamente
corrido
corriente
corrientemente
corrigendo
corrillero
corrillo
corrimiento
corrincho
corrivación
corriverás
corro
corroboración
corroborante
corroborar
corroborativo
corrobra
corroedor
corroer
corrompedor
corromper
corrompible
corrompidamente
corrompimiento
corroncho
corronchoso
corrongo
corrosal
corrosca
corrosible
corrosivo
corrosión
corroyente
corrozar
corrozo
corruco
corrugación
corrugar
corrulla
corrumpente
corrupción
corrupia
corruptamente
corruptela
corruptibilidad
corruptible
corruptivo
corrupto
corruptor
corruscante
corrusco
corsa
corsariamente
corsario
corsear
corselete
corsetero
corsetería
corso
corsé
corta
cortabolsas
cortacallos
cortacigarros
cortacircuitos
cortacorriente
cortacésped
cortada
cortadera
cortadillo
cortado
cortador
cortadura
cortafierro
cortafrío
cortafuego
cortalápices
cortamente
cortamiento
cortante
cortao
cortapapel
cortapapeles
cortapicos
cortapisa
cortapiés
cortaplumas
cortapuros
cortar
cortaviento
cortaúñas
corte
cortedad
cortega
cortejador
cortejar
cortejo
cortero
cortesana
cortesanamente
cortesanazo
cortesano
cortesanía
cortesía
corteza
cortezo
cortezoso
cortezudo
cortical
corticoide
cortijada
cortijero
cortijo
cortil
cortina
cortinado
cortinaje
cortinal
cortinilla
cortinón
cortisona
cortisquear
corto
cortocircuito
cortometraje
cortés
cortón
coruja
corulla
corundo
corupán
coruscar
corusco
coruña
coruñés
corva
corvadura
corval
corvar
corvato
corvaza
corvejos
corvejón
corveta
corvetear
corveño
corvillo
corvina
corvinera
corvino
corvo
corza
corzo
corzuelo
coráceo
corán
coránico
corí
coríntico
corógrafo
corónica
corónide
corúa
cosa
cosaco
cosario
coscachear
coscacho
coscarana
coscarrón
coscarse
coscas
coscoja
coscojal
coscojar
coscojero
coscojita
coscojo
coscolino
coscomate
coscoroba
coscorronera
coscorrón
coscurro
coscón
cosecante
cosecha
cosechador
cosechar
cosechero
cosechón
cosedura
coselete
coseno
coser
cosera
cosetada
cosetano
cosetear
cosiaca
cosible
cosicosa
cosido
cosidura
cosificación
cosificar
cosijo
cosmetología
cosmetólogo
cosmogonista
cosmogonía
cosmografía
cosmográfico
cosmogónico
cosmología
cosmológico
cosmonauta
cosmonave
cosmonáutica
cosmonáutico
cosmopolita
cosmopolitismo
cosmorama
cosmos
cosmovisión
cosmético
cosmódromo
cosmógrafo
cosmólogo
coso
cospe
cospel
cospillo
cosque
cosqui
cosquillar
cosquillas
cosquillear
cosquilleo
cosquilloso
cosquilludo
costa
costado
costal
costalada
costalar
costalazo
costalearse
costalero
costana
costanera
costanero
costanilla
costar
costarricense
costarriqueñismo
coste
costeador
costear
costelación
costero
costezuela
costeño
costil
costilla
costillaje
costillar
costiller
costilludo
costino
costo
costosamente
costoso
costra
costrada
costreñir
costribación
costribar
costribo
costringir
costriñir
costro
costroso
costrón
costumbrar
costumbre
costumbrismo
costumbrista
costura
costurear
costurera
costurero
costurón
costón
cota
cotana
cotangente
cotanza
cotar
cotardía
cotarra
cotarrera
cotarro
cote
cotear
cotejable
cotejar
cotejo
cotera
cotero
coterráneo
cotidianamente
cotidianidad
cotidiano
cotila
cotiledón
cotiledóneo
cotilla
cotillear
cotilleo
cotillero
cotillo
cotillón
cotilo
cotinga
cotiza
cotizable
cotización
cotizado
cotizar
coto
cotobelo
cotofle
cotofre
cotomono
cotona
cotonada
cotoncillo
cotonía
cotopaxense
cotorra
cotorrear
cotorreo
cotorrera
cotorro
cotorrón
cototo
cotovía
cotral
cotrofe
cotudo
cotufa
coturnicultura
coturno
cotuza
cotí
cotín
cotó
cotón
cotúa
coulomb
covacha
covachuela
covachuelista
covachuelo
covada
covadera
covalente
covalonga
covanilla
coxa
coxal
coxalgia
coxcojilla
coxcojita
coxcox
coxis
coxquear
coxálgico
coy
coya
coyocho
coyol
coyolar
coyoleo
coyotaje
coyote
coyotear
coyoteo
coyotero
coyunda
coyundado
coyundazo
coyundear
coyunter